#
# There is insufficient memory for the Java Runtime Environment to continue.
# Native memory allocation (malloc) failed to allocate 1233040 bytes. Error detail: Chunk::new
# Possible reasons:
#   The system is out of physical RAM or swap space
#   This process is running with CompressedOops enabled, and the Java Heap may be blocking the growth of the native heap
# Possible solutions:
#   Reduce memory load on the system
#   Increase physical memory or swap space
#   Check if swap backing store is full
#   Decrease Java heap size (-Xmx/-Xms)
#   Decrease number of Java threads
#   Decrease Java thread stack sizes (-Xss)
#   Set larger code cache with -XX:ReservedCodeCacheSize=
#   JVM is running with Zero Based Compressed Oops mode in which the Java heap is
#     placed in the first 32GB address space. The Java Heap base address is the
#     maximum limit for the native heap growth. Please use -XX:HeapBaseMinAddress
#     to set the Java Heap base and to place the Java Heap above 32GB virtual address.
# This output file may be truncated or incomplete.
#
#  Out of Memory Error (arena.cpp:162), pid=45092, tid=57692
#
# JRE version: Java(TM) SE Runtime Environment (24.0.1+9) (build 24.0.1+9-30)
# Java VM: Java HotSpot(TM) 64-Bit Server VM (24.0.1+9-30, mixed mode, sharing, tiered, compressed oops, compressed class ptrs, g1 gc, windows-amd64)
# No core dump will be written. Minidumps are not enabled by default on client versions of Windows
#

---------------  S U M M A R Y ------------

Command Line: C:\Users\mario\AppData\Local\Temp\surefire13593049821443657900\surefirebooter-20260302064948459_3.jar C:\Users\mario\AppData\Local\Temp\surefire13593049821443657900 2026-03-02T06-49-48_256-jvmRun1 surefire-20260302064948459_1tmp surefire_0-20260302064948459_2tmp

Host: AMD Ryzen 3 3100 4-Core Processor              , 8 cores, 15G,  Windows 10 , 64 bit Build 19041 (10.0.19041.5915)
Time: Mon Mar  2 06:51:24 2026 Hora estándar romance elapsed time: 96.290142 seconds (0d 0h 1m 36s)

---------------  T H R E A D  ---------------

Current thread (0x000001917cfadcb0):  JavaThread "C2 CompilerThread0" daemon [_thread_in_native, id=57692, stack(0x0000006023100000,0x0000006023200000) (1024K)]


Current CompileTask:
C2:96290 7263       4       java.lang.String::toLowerCase (29 bytes)

Stack: [0x0000006023100000,0x0000006023200000]
Native frames: (J=compiled Java code, j=interpreted, Vv=VM code, C=native code)
V  [jvm.dll+0x730739]  (no source info available)
V  [jvm.dll+0x8d9b23]  (no source info available)
V  [jvm.dll+0x8dc00d]  (no source info available)
V  [jvm.dll+0x8dc683]  (no source info available)
V  [jvm.dll+0x2aa086]  (no source info available)
V  [jvm.dll+0xcedef]  (no source info available)
V  [jvm.dll+0xcf04f]  (no source info available)
V  [jvm.dll+0x154d83]  (no source info available)
V  [jvm.dll+0x735f5f]  (no source info available)
V  [jvm.dll+0x26fa1c]  (no source info available)
V  [jvm.dll+0x26ea3f]  (no source info available)
V  [jvm.dll+0x1e9d60]  (no source info available)
V  [jvm.dll+0x27e1fb]  (no source info available)
V  [jvm.dll+0x27c49a]  (no source info available)
V  [jvm.dll+0x42f456]  (no source info available)
V  [jvm.dll+0x87d76b]  (no source info available)
V  [jvm.dll+0x72ee55]  (no source info available)
C  [ucrtbase.dll+0x21bb2]  (no source info available)
C  [KERNEL32.DLL+0x17374]  (no source info available)
C  [ntdll.dll+0x4cc91]  (no source info available)

Lock stack of current Java thread (top to bottom):


---------------  P R O C E S S  ---------------

Threads class SMR info:
_java_thread_list=0x0000019156638970, length=24, elements={
0x000001916a670450, 0x000001917cfa42b0, 0x000001917cfa4eb0, 0x000001917cfa79b0,
0x000001917cfaac90, 0x000001917cfab7c0, 0x000001917cfac2f0, 0x000001917cfadcb0,
0x000001917cfde5a0, 0x00000191540a3ef0, 0x00000191540aa260, 0x00000191547804e0,
0x0000019154632190, 0x000001915560d190, 0x00000191572cfa60, 0x00000191572d1ef0,
0x00000191572d01b0, 0x00000191572d3c30, 0x00000191572d34e0, 0x00000191572cf310,
0x00000191572d4380, 0x00000191572d2d90, 0x00000191572d0900, 0x00000191572d5220
}

Java Threads: ( => current thread )
  0x000001916a670450 JavaThread "main"                              [_thread_blocked, id=57948, stack(0x0000006022300000,0x0000006022400000) (1024K)]
  0x000001917cfa42b0 JavaThread "Reference Handler"          daemon [_thread_blocked, id=57652, stack(0x0000006022b00000,0x0000006022c00000) (1024K)]
  0x000001917cfa4eb0 JavaThread "Finalizer"                  daemon [_thread_blocked, id=57736, stack(0x0000006022c00000,0x0000006022d00000) (1024K)]
  0x000001917cfa79b0 JavaThread "Signal Dispatcher"          daemon [_thread_blocked, id=49580, stack(0x0000006022d00000,0x0000006022e00000) (1024K)]
  0x000001917cfaac90 JavaThread "Attach Listener"            daemon [_thread_blocked, id=17460, stack(0x0000006022e00000,0x0000006022f00000) (1024K)]
  0x000001917cfab7c0 JavaThread "Service Thread"             daemon [_thread_blocked, id=33204, stack(0x0000006022f00000,0x0000006023000000) (1024K)]
  0x000001917cfac2f0 JavaThread "Monitor Deflation Thread"   daemon [_thread_blocked, id=19464, stack(0x0000006023000000,0x0000006023100000) (1024K)]
=>0x000001917cfadcb0 JavaThread "C2 CompilerThread0"         daemon [_thread_in_native, id=57692, stack(0x0000006023100000,0x0000006023200000) (1024K)]
  0x000001917cfde5a0 JavaThread "C1 CompilerThread0"         daemon [_thread_blocked, id=56808, stack(0x0000006023200000,0x0000006023300000) (1024K)]
  0x00000191540a3ef0 JavaThread "Notification Thread"        daemon [_thread_blocked, id=57104, stack(0x0000006023300000,0x0000006023400000) (1024K)]
  0x00000191540aa260 JavaThread "Common-Cleaner"             daemon [_thread_blocked, id=29844, stack(0x0000006023400000,0x0000006023500000) (1024K)]
  0x00000191547804e0 JavaThread "surefire-forkedjvm-stream-flusher" daemon [_thread_blocked, id=57980, stack(0x0000006023600000,0x0000006023700000) (1024K)]
  0x0000019154632190 JavaThread "surefire-forkedjvm-command-thread" daemon [_thread_in_native, id=20252, stack(0x0000006023700000,0x0000006023800000) (1024K)]
  0x000001915560d190 JavaThread "Thread-3"                   daemon [_thread_in_native, id=57256, stack(0x0000006023e00000,0x0000006023f00000) (1024K)]
  0x00000191572cfa60 JavaThread "Thread-4"                   daemon [_thread_in_native, id=19588, stack(0x0000006024200000,0x0000006024300000) (1024K)]
  0x00000191572d1ef0 JavaThread "Thread-5"                   daemon [_thread_in_native, id=23872, stack(0x0000006024300000,0x0000006024400000) (1024K)]
  0x00000191572d01b0 JavaThread "Thread-6"                   daemon [_thread_in_native, id=26556, stack(0x0000006024400000,0x0000006024500000) (1024K)]
  0x00000191572d3c30 JavaThread "Thread-7"                   daemon [_thread_in_native, id=29396, stack(0x0000006024500000,0x0000006024600000) (1024K)]
  0x00000191572d34e0 JavaThread "Thread-8"                   daemon [_thread_in_native, id=57408, stack(0x0000006024600000,0x0000006024700000) (1024K)]
  0x00000191572cf310 JavaThread "Thread-9"                   daemon [_thread_in_native, id=57596, stack(0x0000006024700000,0x0000006024800000) (1024K)]
  0x00000191572d4380 JavaThread "Thread-10"                  daemon [_thread_in_native, id=17228, stack(0x0000006024800000,0x0000006024900000) (1024K)]
  0x00000191572d2d90 JavaThread "Thread-11"                  daemon [_thread_in_native, id=57480, stack(0x0000006024900000,0x0000006024a00000) (1024K)]
  0x00000191572d0900 JavaThread "testcontainers-ryuk"        daemon [_thread_blocked, id=57780, stack(0x0000006023800000,0x0000006023900000) (1024K)]
  0x00000191572d5220 JavaThread "mysql-cj-abandoned-connection-cleanup" daemon [_thread_blocked, id=12588, stack(0x0000006023500000,0x0000006023600000) (1024K)]
Total: 24

Other Threads:
  0x000001917cf96f60 VMThread "VM Thread"                           [id=58088, stack(0x0000006022a00000,0x0000006022b00000) (1024K)]
  0x000001917cf88170 WatcherThread "VM Periodic Task Thread"        [id=24892, stack(0x0000006022900000,0x0000006022a00000) (1024K)]
  0x000001916ca3a910 WorkerThread "GC Thread#0"                     [id=58256, stack(0x0000006022400000,0x0000006022500000) (1024K)]
  0x0000019156583180 WorkerThread "GC Thread#1"                     [id=4192, stack(0x0000006023900000,0x0000006023a00000) (1024K)]
  0x0000019156583530 WorkerThread "GC Thread#2"                     [id=43176, stack(0x0000006023a00000,0x0000006023b00000) (1024K)]
  0x0000019156582dd0 WorkerThread "GC Thread#3"                     [id=12164, stack(0x0000006023b00000,0x0000006023c00000) (1024K)]
  0x0000019156582670 WorkerThread "GC Thread#4"                     [id=15532, stack(0x0000006023c00000,0x0000006023d00000) (1024K)]
  0x00000191565838e0 WorkerThread "GC Thread#5"                     [id=12816, stack(0x0000006023d00000,0x0000006023e00000) (1024K)]
  0x0000019156582a20 WorkerThread "GC Thread#6"                     [id=19280, stack(0x0000006023f00000,0x0000006024000000) (1024K)]
  0x0000019156581f10 WorkerThread "GC Thread#7"                     [id=57512, stack(0x0000006024000000,0x0000006024100000) (1024K)]
  0x000001916ca4f730 ConcurrentGCThread "G1 Main Marker"            [id=26696, stack(0x0000006022500000,0x0000006022600000) (1024K)]
  0x000001916ca50560 WorkerThread "G1 Conc#0"                       [id=31724, stack(0x0000006022600000,0x0000006022700000) (1024K)]
  0x00000191569c2d30 WorkerThread "G1 Conc#1"                       [id=46656, stack(0x0000006024100000,0x0000006024200000) (1024K)]
  0x000001917ce4e550 ConcurrentGCThread "G1 Refine#0"               [id=37220, stack(0x0000006022700000,0x0000006022800000) (1024K)]
  0x000001917ce4ee80 ConcurrentGCThread "G1 Service"                [id=38964, stack(0x0000006022800000,0x0000006022900000) (1024K)]
Total: 15

Threads with active compile tasks:
C2 CompilerThread0  96426 7263       4       java.lang.String::toLowerCase (29 bytes)
Total: 1

VM state: not at safepoint (normal execution)

VM Mutex/Monitor currently owned by a thread: None

Heap address: 0x0000000701000000, size: 4080 MB, Compressed Oops mode: Zero based, Oop shift amount: 3

CDS archive(s) mapped at: [0x000001910f000000-0x000001910fd40000-0x000001910fd40000), size 13893632, SharedBaseAddress: 0x000001910f000000, ArchiveRelocationMode: 1.
Compressed class space mapped at: 0x0000019110000000-0x0000019150000000, reserved size: 1073741824
UseCompressedClassPointers 1, UseCompactObjectHeaders 0
Narrow klass pointer bits 32, Max shift 3
Narrow klass base: 0x000001910f000000, Narrow klass shift: 0
Encoding Range: [0x000001910f000000 - 0x000001920f000000), (4294967296 bytes)
Klass Range:    [0x000001910f000000 - 0x0000019150000000), (1090519040 bytes)
Klass ID Range:  [8 - 1090519033) (1090519025)

GC Precious Log:
 CardTable entry size: 512
 Card Set container configuration: InlinePtr #cards 4 size 8 Array Of Cards #cards 16 size 48 Howl #buckets 8 coarsen threshold 3686 Howl Bitmap #cards 512 size 80 coarsen threshold 460 Card regions per heap region 1 cards per card region 4096
 CPUs: 8 total, 8 available
 Memory: 16312M
 Large Page Support: Disabled
 NUMA Support: Disabled
 Compressed Oops: Enabled (Zero based)
 Heap Region Size: 2M
 Heap Min Capacity: 8M
 Heap Initial Capacity: 256M
 Heap Max Capacity: 4080M
 Pre-touch: Disabled
 Parallel Workers: 8
 Concurrent Workers: 2
 Concurrent Refinement Workers: 8
 Periodic GC: Disabled

Heap:
 garbage-first heap   total reserved 4177920K, committed 69632K, used 48070K [0x0000000701000000, 0x0000000800000000)
  region size 2048K, 8 young (16384K), 1 survivors (2048K)
 Metaspace       used 45270K, committed 45760K, reserved 1114112K
  class space    used 4547K, committed 4800K, reserved 1048576K

Heap Regions: E=young(eden), S=young(survivor), O=old, HS=humongous(starts), HC=humongous(continues), CS=collection set, F=free, TAMS=top-at-mark-start, PB=parsable bottom
|   0|0x0000000701000000, 0x0000000701200000, 0x0000000701200000|100%|HS|  |TAMS 0x0000000701000000| PB 0x0000000701000000| Complete |  0
|   1|0x0000000701200000, 0x0000000701400000, 0x0000000701400000|100%| O|  |TAMS 0x0000000701200000| PB 0x0000000701200000| Untracked |  0
|   2|0x0000000701400000, 0x0000000701600000, 0x0000000701600000|100%| O|  |TAMS 0x0000000701400000| PB 0x0000000701400000| Untracked |  0
|   3|0x0000000701600000, 0x0000000701800000, 0x0000000701800000|100%| O|  |TAMS 0x0000000701600000| PB 0x0000000701600000| Untracked |  0
|   4|0x0000000701800000, 0x0000000701a00000, 0x0000000701a00000|100%| O|  |TAMS 0x0000000701800000| PB 0x0000000701800000| Untracked |  0
|   5|0x0000000701a00000, 0x0000000701c00000, 0x0000000701c00000|100%| O|  |TAMS 0x0000000701a00000| PB 0x0000000701a00000| Untracked |  0
|   6|0x0000000701c00000, 0x0000000701e00000, 0x0000000701e00000|100%| O|  |TAMS 0x0000000701c00000| PB 0x0000000701c00000| Untracked |  0
|   7|0x0000000701e00000, 0x0000000702000000, 0x0000000702000000|100%| O|  |TAMS 0x0000000701e00000| PB 0x0000000701e00000| Untracked |  0
|   8|0x0000000702000000, 0x0000000702200000, 0x0000000702200000|100%| O|  |TAMS 0x0000000702000000| PB 0x0000000702000000| Untracked |  0
|   9|0x0000000702200000, 0x0000000702400000, 0x0000000702400000|100%| O|  |TAMS 0x0000000702200000| PB 0x0000000702200000| Untracked |  0
|  10|0x0000000702400000, 0x0000000702600000, 0x0000000702600000|100%| O|  |TAMS 0x0000000702400000| PB 0x0000000702400000| Untracked |  0
|  11|0x0000000702600000, 0x0000000702800000, 0x0000000702800000|100%| O|Cm|TAMS 0x0000000702600000| PB 0x0000000702600000| Complete |  0
|  12|0x0000000702800000, 0x0000000702a00000, 0x0000000702a00000|100%| O|  |TAMS 0x0000000702800000| PB 0x0000000702800000| Untracked |  0
|  13|0x0000000702a00000, 0x0000000702c00000, 0x0000000702c00000|100%| O|  |TAMS 0x0000000702a00000| PB 0x0000000702a00000| Untracked |  0
|  14|0x0000000702c00000, 0x0000000702e00000, 0x0000000702e00000|100%| O|  |TAMS 0x0000000702c00000| PB 0x0000000702c00000| Untracked |  0
|  15|0x0000000702e00000, 0x0000000702e00000, 0x0000000703000000|  0%| F|  |TAMS 0x0000000702e00000| PB 0x0000000702e00000| Untracked |  0
|  16|0x0000000703000000, 0x0000000703200000, 0x0000000703200000|100%| O|  |TAMS 0x0000000703000000| PB 0x0000000703000000| Untracked |  0
|  17|0x0000000703200000, 0x0000000703400000, 0x0000000703400000|100%| O|  |TAMS 0x0000000703200000| PB 0x0000000703200000| Untracked |  0
|  18|0x0000000703400000, 0x00000007034d6ad0, 0x0000000703600000| 41%| O|  |TAMS 0x0000000703400000| PB 0x0000000703400000| Untracked |  0
|  19|0x0000000703600000, 0x0000000703600000, 0x0000000703800000|  0%| F|  |TAMS 0x0000000703600000| PB 0x0000000703600000| Untracked |  0
|  20|0x0000000703800000, 0x0000000703800000, 0x0000000703a00000|  0%| F|  |TAMS 0x0000000703800000| PB 0x0000000703800000| Untracked |  0
|  21|0x0000000703a00000, 0x0000000703a00000, 0x0000000703c00000|  0%| F|  |TAMS 0x0000000703a00000| PB 0x0000000703a00000| Untracked |  0
|  22|0x0000000703c00000, 0x0000000703c1af98, 0x0000000703e00000|  5%| S|CS|TAMS 0x0000000703c00000| PB 0x0000000703c00000| Complete |  0
|  23|0x0000000703e00000, 0x0000000703e00000, 0x0000000704000000|  0%| F|  |TAMS 0x0000000703e00000| PB 0x0000000703e00000| Untracked |  0
|  24|0x0000000704000000, 0x0000000704000000, 0x0000000704200000|  0%| F|  |TAMS 0x0000000704000000| PB 0x0000000704000000| Untracked |  0
|  25|0x0000000704200000, 0x0000000704200000, 0x0000000704400000|  0%| F|  |TAMS 0x0000000704200000| PB 0x0000000704200000| Untracked |  0
|  26|0x0000000704400000, 0x0000000704400000, 0x0000000704600000|  0%| F|  |TAMS 0x0000000704400000| PB 0x0000000704400000| Untracked |  0
|  91|0x000000070c600000, 0x000000070c7bf058, 0x000000070c800000| 87%| E|  |TAMS 0x000000070c600000| PB 0x000000070c600000| Complete |  0
|  92|0x000000070c800000, 0x000000070ca00000, 0x000000070ca00000|100%| E|CS|TAMS 0x000000070c800000| PB 0x000000070c800000| Complete |  0
|  93|0x000000070ca00000, 0x000000070cc00000, 0x000000070cc00000|100%| E|CS|TAMS 0x000000070ca00000| PB 0x000000070ca00000| Complete |  0
|  94|0x000000070cc00000, 0x000000070ce00000, 0x000000070ce00000|100%| E|CS|TAMS 0x000000070cc00000| PB 0x000000070cc00000| Complete |  0
|  95|0x000000070ce00000, 0x000000070d000000, 0x000000070d000000|100%| E|CS|TAMS 0x000000070ce00000| PB 0x000000070ce00000| Complete |  0
| 127|0x0000000710e00000, 0x0000000711000000, 0x0000000711000000|100%| E|CS|TAMS 0x0000000710e00000| PB 0x0000000710e00000| Complete |  0
|2039|0x00000007ffe00000, 0x0000000800000000, 0x0000000800000000|100%| E|CS|TAMS 0x00000007ffe00000| PB 0x00000007ffe00000| Complete |  0

Card table byte_map: [0x0000019175db0000,0x00000191765b0000] _byte_map_base: 0x00000191725a8000

Marking Bits: (CMBitMap*) 0x000001916ca3af30
 Bits: [0x00000191765b0000, 0x000001917a570000)

Polling page: 0x000001916a7f0000

Metaspace:

Usage:
  Non-class:     39.77 MB used.
      Class:      4.44 MB used.
       Both:     44.21 MB used.

Virtual space:
  Non-class space:       64.00 MB reserved,      40.00 MB ( 62%) committed,  1 nodes.
      Class space:        1.00 GB reserved,       4.69 MB ( <1%) committed,  1 nodes.
             Both:        1.06 GB reserved,      44.69 MB (  4%) committed. 

Chunk freelists:
   Non-Class:  8.04 MB
       Class:  11.17 MB
        Both:  19.21 MB

MaxMetaspaceSize: unlimited
CompressedClassSpaceSize: 1.00 GB
Initial GC threshold: 21.00 MB
Current GC threshold: 74.19 MB
CDS: on
 - commit_granule_bytes: 65536.
 - commit_granule_words: 8192.
 - virtual_space_node_default_size: 8388608.
 - enlarge_chunks_in_place: 1.
UseCompressedClassPointers 1, UseCompactObjectHeaders 0
Narrow klass pointer bits 32, Max shift 3
Narrow klass base: 0x000001910f000000, Narrow klass shift: 0
Encoding Range: [0x000001910f000000 - 0x000001920f000000), (4294967296 bytes)
Klass Range:    [0x000001910f000000 - 0x0000019150000000), (1090519040 bytes)
Klass ID Range:  [8 - 1090519033) (1090519025)


Internal statistics:

num_allocs_failed_limit: 6.
num_arena_births: 714.
num_arena_deaths: 0.
num_vsnodes_births: 2.
num_vsnodes_deaths: 0.
num_space_committed: 715.
num_space_uncommitted: 0.
num_chunks_returned_to_freelist: 6.
num_chunks_taken_from_freelist: 2347.
num_chunk_merges: 6.
num_chunk_splits: 1660.
num_chunks_enlarged: 1258.
num_inconsistent_stats: 0.

CodeHeap 'non-profiled nmethods': size=120064Kb used=2842Kb max_used=2864Kb free=117221Kb
 bounds [0x0000019107ac0000, 0x0000019107d90000, 0x000001910f000000]
CodeHeap 'profiled nmethods': size=120000Kb used=10790Kb max_used=10949Kb free=109209Kb
 bounds [0x0000019100000000, 0x0000019100ac0000, 0x0000019107530000]
CodeHeap 'non-nmethods': size=5696Kb used=1450Kb max_used=1600Kb free=4245Kb
 bounds [0x0000019107530000, 0x00000191077a0000, 0x0000019107ac0000]
CodeCache: size=245760Kb, used=15082Kb, max_used=15413Kb, free=230675Kb
 total_blobs=6834, nmethods=6219, adapters=519, full_count=0
Compilation: enabled, stopped_count=0, restarted_count=0

Compilation events (20 events):
Event: 90.304 Thread 0x000001917cfadcb0 nmethod 7253 0x0000019107ca7408 code [0x0000019107ca7560, 0x0000019107ca7d60]
Event: 90.404 Thread 0x000001917cfadcb0 7254       4       com.github.dockerjava.zerodep.shaded.org.apache.hc.client5.http.protocol.HttpClientContext::getRequestConfig (24 bytes)
Event: 90.411 Thread 0x000001917cfadcb0 nmethod 7254 0x0000019107ba4008 code [0x0000019107ba4180, 0x0000019107ba4878]
Event: 91.293 Thread 0x000001917cfadcb0 7255       4       java.lang.Enum::valueOf (73 bytes)
Event: 91.302 Thread 0x000001917cfadcb0 nmethod 7255 0x0000019107c15f88 code [0x0000019107c16120, 0x0000019107c16a40]
Event: 91.302 Thread 0x000001917cfadcb0 7256       4       java.lang.Class::enumConstantDirectory (107 bytes)
Event: 91.305 Thread 0x000001917cfadcb0 nmethod 7256 0x0000019107c15908 code [0x0000019107c15a40, 0x0000019107c15da0]
Event: 92.532 Thread 0x000001917cfadcb0 7257       4       java.lang.reflect.Method::isCallerSensitive (38 bytes)
Event: 92.534 Thread 0x000001917cfadcb0 nmethod 7257 0x0000019107bfbd08 code [0x0000019107bfbe20, 0x0000019107bfbf60]
Event: 93.446 Thread 0x000001917cfadcb0 7258 % !   4       java.util.regex.Matcher::appendExpandedReplacement @ 2 (508 bytes)
Event: 93.454 Thread 0x000001917cfadcb0 nmethod 7258% 0x0000019107bb0408 code [0x0000019107bb05a0, 0x0000019107bb0cd8]
Event: 93.634 Thread 0x000001917cfadcb0 7259       4       java.util.concurrent.CompletableFuture::postComplete (94 bytes)
Event: 93.637 Thread 0x000001917cfadcb0 nmethod 7259 0x0000019107baff08 code [0x0000019107bb0020, 0x0000019107bb0338]
Event: 93.877 Thread 0x000001917cfadcb0 7260       4       java.util.HashMap::remove (26 bytes)
Event: 93.878 Thread 0x000001917cfadcb0 nmethod 7260 0x0000019107bafc08 code [0x0000019107bafd20, 0x0000019107bafe68]
Event: 95.243 Thread 0x000001917cfadcb0 7261   !   4       java.util.regex.Matcher::appendExpandedReplacement (508 bytes)
Event: 95.250 Thread 0x000001917cfadcb0 nmethod 7261 0x0000019107baf308 code [0x0000019107baf4a0, 0x0000019107bafb88]
Event: 95.821 Thread 0x000001917cfadcb0 7262       4       java.util.HashMap$HashIterator::<init> (79 bytes)
Event: 95.824 Thread 0x000001917cfadcb0 nmethod 7262 0x0000019107c5bf08 code [0x0000019107c5c020, 0x0000019107c5c5e8]
Event: 96.278 Thread 0x000001917cfadcb0 7263       4       java.lang.String::toLowerCase (29 bytes)

GC Heap History (20 events):
Event: 3.598 GC heap before
{Heap before GC invocations=3 (full 0):
 garbage-first heap   total reserved 4177920K, committed 69632K, used 48736K [0x0000000701000000, 0x0000000800000000)
  region size 2048K, 20 young (40960K), 5 survivors (10240K)
 Metaspace       used 27625K, committed 28032K, reserved 1114112K
  class space    used 2963K, committed 3136K, reserved 1048576K
}
Event: 3.608 GC heap after
{Heap after GC invocations=4 (full 0):
 garbage-first heap   total reserved 4177920K, committed 69632K, used 23232K [0x0000000701000000, 0x0000000800000000)
  region size 2048K, 3 young (6144K), 3 survivors (6144K)
 Metaspace       used 27625K, committed 28032K, reserved 1114112K
  class space    used 2963K, committed 3136K, reserved 1048576K
}
Event: 4.141 GC heap before
{Heap before GC invocations=4 (full 0):
 garbage-first heap   total reserved 4177920K, committed 69632K, used 47808K [0x0000000701000000, 0x0000000800000000)
  region size 2048K, 15 young (30720K), 3 survivors (6144K)
 Metaspace       used 29773K, committed 30144K, reserved 1114112K
  class space    used 3170K, committed 3328K, reserved 1048576K
}
Event: 4.151 GC heap after
{Heap after GC invocations=5 (full 0):
 garbage-first heap   total reserved 4177920K, committed 69632K, used 28761K [0x0000000701000000, 0x0000000800000000)
  region size 2048K, 2 young (4096K), 2 survivors (4096K)
 Metaspace       used 29773K, committed 30144K, reserved 1114112K
  class space    used 3170K, committed 3328K, reserved 1048576K
}
Event: 4.691 GC heap before
{Heap before GC invocations=5 (full 0):
 garbage-first heap   total reserved 4177920K, committed 69632K, used 51289K [0x0000000701000000, 0x0000000800000000)
  region size 2048K, 13 young (26624K), 2 survivors (4096K)
 Metaspace       used 34130K, committed 34496K, reserved 1114112K
  class space    used 3509K, committed 3648K, reserved 1048576K
}
Event: 4.696 GC heap after
{Heap after GC invocations=6 (full 0):
 garbage-first heap   total reserved 4177920K, committed 69632K, used 31792K [0x0000000701000000, 0x0000000800000000)
  region size 2048K, 2 young (4096K), 2 survivors (4096K)
 Metaspace       used 34130K, committed 34496K, reserved 1114112K
  class space    used 3509K, committed 3648K, reserved 1048576K
}
Event: 4.933 GC heap before
{Heap before GC invocations=6 (full 0):
 garbage-first heap   total reserved 4177920K, committed 69632K, used 37936K [0x0000000701000000, 0x0000000800000000)
  region size 2048K, 7 young (14336K), 2 survivors (4096K)
 Metaspace       used 35777K, committed 36096K, reserved 1114112K
  class space    used 3686K, committed 3840K, reserved 1048576K
}
Event: 4.937 GC heap after
{Heap after GC invocations=7 (full 0):
 garbage-first heap   total reserved 4177920K, committed 69632K, used 31734K [0x0000000701000000, 0x0000000800000000)
  region size 2048K, 2 young (4096K), 2 survivors (4096K)
 Metaspace       used 35777K, committed 36096K, reserved 1114112K
  class space    used 3686K, committed 3840K, reserved 1048576K
}
Event: 8.657 GC heap before
{Heap before GC invocations=8 (full 0):
 garbage-first heap   total reserved 4177920K, committed 69632K, used 54262K [0x0000000701000000, 0x0000000800000000)
  region size 2048K, 13 young (26624K), 2 survivors (4096K)
 Metaspace       used 40275K, committed 40640K, reserved 1114112K
  class space    used 4162K, committed 4352K, reserved 1048576K
}
Event: 8.665 GC heap after
{Heap after GC invocations=9 (full 0):
 garbage-first heap   total reserved 4177920K, committed 69632K, used 33858K [0x0000000701000000, 0x0000000800000000)
  region size 2048K, 2 young (4096K), 2 survivors (4096K)
 Metaspace       used 40275K, committed 40640K, reserved 1114112K
  class space    used 4162K, committed 4352K, reserved 1048576K
}
Event: 16.187 GC heap before
{Heap before GC invocations=9 (full 0):
 garbage-first heap   total reserved 4177920K, committed 69632K, used 54338K [0x0000000701000000, 0x0000000800000000)
  region size 2048K, 12 young (24576K), 2 survivors (4096K)
 Metaspace       used 43719K, committed 44032K, reserved 1114112K
  class space    used 4455K, committed 4608K, reserved 1048576K
}
Event: 16.196 GC heap after
{Heap after GC invocations=10 (full 0):
 garbage-first heap   total reserved 4177920K, committed 69632K, used 36428K [0x0000000701000000, 0x0000000800000000)
  region size 2048K, 2 young (4096K), 2 survivors (4096K)
 Metaspace       used 43719K, committed 44032K, reserved 1114112K
  class space    used 4455K, committed 4608K, reserved 1048576K
}
Event: 29.178 GC heap before
{Heap before GC invocations=10 (full 0):
 garbage-first heap   total reserved 4177920K, committed 69632K, used 56908K [0x0000000701000000, 0x0000000800000000)
  region size 2048K, 12 young (24576K), 2 survivors (4096K)
 Metaspace       used 44418K, committed 44992K, reserved 1114112K
  class space    used 4546K, committed 4800K, reserved 1048576K
}
Event: 29.183 GC heap after
{Heap after GC invocations=11 (full 0):
 garbage-first heap   total reserved 4177920K, committed 69632K, used 36778K [0x0000000701000000, 0x0000000800000000)
  region size 2048K, 1 young (2048K), 1 survivors (2048K)
 Metaspace       used 44418K, committed 44992K, reserved 1114112K
  class space    used 4546K, committed 4800K, reserved 1048576K
}
Event: 48.060 GC heap before
{Heap before GC invocations=12 (full 0):
 garbage-first heap   total reserved 4177920K, committed 69632K, used 59306K [0x0000000701000000, 0x0000000800000000)
  region size 2048K, 12 young (24576K), 1 survivors (2048K)
 Metaspace       used 44720K, committed 45248K, reserved 1114112K
  class space    used 4546K, committed 4800K, reserved 1048576K
}
Event: 48.061 GC heap after
{Heap after GC invocations=13 (full 0):
 garbage-first heap   total reserved 4177920K, committed 69632K, used 36496K [0x0000000701000000, 0x0000000800000000)
  region size 2048K, 1 young (2048K), 1 survivors (2048K)
 Metaspace       used 44720K, committed 45248K, reserved 1114112K
  class space    used 4546K, committed 4800K, reserved 1048576K
}
Event: 66.296 GC heap before
{Heap before GC invocations=13 (full 0):
 garbage-first heap   total reserved 4177920K, committed 69632K, used 59024K [0x0000000701000000, 0x0000000800000000)
  region size 2048K, 12 young (24576K), 1 survivors (2048K)
 Metaspace       used 44853K, committed 45440K, reserved 1114112K
  class space    used 4547K, committed 4800K, reserved 1048576K
}
Event: 66.299 GC heap after
{Heap after GC invocations=14 (full 0):
 garbage-first heap   total reserved 4177920K, committed 69632K, used 35833K [0x0000000701000000, 0x0000000800000000)
  region size 2048K, 1 young (2048K), 1 survivors (2048K)
 Metaspace       used 44853K, committed 45440K, reserved 1114112K
  class space    used 4547K, committed 4800K, reserved 1048576K
}
Event: 84.462 GC heap before
{Heap before GC invocations=14 (full 0):
 garbage-first heap   total reserved 4177920K, committed 69632K, used 58361K [0x0000000701000000, 0x0000000800000000)
  region size 2048K, 12 young (24576K), 1 survivors (2048K)
 Metaspace       used 45070K, committed 45568K, reserved 1114112K
  class space    used 4547K, committed 4800K, reserved 1048576K
}
Event: 84.463 GC heap after
{Heap after GC invocations=15 (full 0):
 garbage-first heap   total reserved 4177920K, committed 69632K, used 35782K [0x0000000701000000, 0x0000000800000000)
  region size 2048K, 1 young (2048K), 1 survivors (2048K)
 Metaspace       used 45070K, committed 45568K, reserved 1114112K
  class space    used 4547K, committed 4800K, reserved 1048576K
}

Dll operation events (11 events):
Event: 0.009 Loaded shared library C:\Program Files\Java\jdk-24\bin\java.dll
Event: 0.069 Loaded shared library C:\Program Files\Java\jdk-24\bin\jsvml.dll
Event: 0.079 Loaded shared library C:\Program Files\Java\jdk-24\bin\net.dll
Event: 0.082 Loaded shared library C:\Program Files\Java\jdk-24\bin\nio.dll
Event: 0.086 Loaded shared library C:\Program Files\Java\jdk-24\bin\zip.dll
Event: 0.155 Loaded shared library C:\Program Files\Java\jdk-24\bin\management.dll
Event: 0.176 Loaded shared library C:\Program Files\Java\jdk-24\bin\management_ext.dll
Event: 0.203 Loaded shared library C:\Program Files\Java\jdk-24\bin\jimage.dll
Event: 3.258 Loaded shared library C:\Program Files\Java\jdk-24\bin\sunmscapi.dll
Event: 4.424 Loaded shared library C:\Program Files\Java\jdk-24\bin\verify.dll
Event: 5.328 Loaded shared library C:\Program Files\Java\jdk-24\bin\extnet.dll

Deoptimization events (20 events):
Event: 51.699 Thread 0x000001916a670450 Uncommon trap: trap_request=0xfffffff4 fr.pc=0x0000019107b8b014 relative=0x0000000000001454
Event: 51.699 Thread 0x000001916a670450 Uncommon trap: reason=null_check action=make_not_entrant pc=0x0000019107b8b014 method=com.mysql.cj.jdbc.JdbcPropertySetImpl.postInitialization()V @ 50 c2
Event: 51.699 Thread 0x000001916a670450 DEOPT PACKING pc=0x0000019107b8b014 sp=0x00000060223f9bc0
Event: 51.699 Thread 0x000001916a670450 DEOPT UNPACKING pc=0x0000019107642b82 sp=0x00000060223f9b08 mode 2
Event: 63.899 Thread 0x000001916a670450 Uncommon trap: trap_request=0xffffffbe fr.pc=0x0000019107d73008 relative=0x0000000000001de8
Event: 63.899 Thread 0x000001916a670450 Uncommon trap: reason=profile_predicate action=maybe_recompile pc=0x0000019107d73008 method=org.testcontainers.shaded.com.fasterxml.jackson.databind.deser.std.MapDeserializer._readAndBindStringKeyMap(Lorg/testcontainers/shaded/com/fasterxml/jackson/core/J
Event: 63.899 Thread 0x000001916a670450 DEOPT PACKING pc=0x0000019107d73008 sp=0x00000060223f9680
Event: 63.899 Thread 0x000001916a670450 DEOPT UNPACKING pc=0x0000019107642b82 sp=0x00000060223f9668 mode 2
Event: 64.137 Thread 0x000001916a670450 Uncommon trap: trap_request=0xffffffbe fr.pc=0x0000019107d73008 relative=0x0000000000001de8
Event: 64.137 Thread 0x000001916a670450 Uncommon trap: reason=profile_predicate action=maybe_recompile pc=0x0000019107d73008 method=org.testcontainers.shaded.com.fasterxml.jackson.databind.deser.std.MapDeserializer._readAndBindStringKeyMap(Lorg/testcontainers/shaded/com/fasterxml/jackson/core/J
Event: 64.137 Thread 0x000001916a670450 DEOPT PACKING pc=0x0000019107d73008 sp=0x00000060223f9680
Event: 64.137 Thread 0x000001916a670450 DEOPT UNPACKING pc=0x0000019107642b82 sp=0x00000060223f9668 mode 2
Event: 64.284 Thread 0x000001916a670450 Uncommon trap: trap_request=0xffffffbe fr.pc=0x0000019107d73008 relative=0x0000000000001de8
Event: 64.284 Thread 0x000001916a670450 Uncommon trap: reason=profile_predicate action=maybe_recompile pc=0x0000019107d73008 method=org.testcontainers.shaded.com.fasterxml.jackson.databind.deser.std.MapDeserializer._readAndBindStringKeyMap(Lorg/testcontainers/shaded/com/fasterxml/jackson/core/J
Event: 64.284 Thread 0x000001916a670450 DEOPT PACKING pc=0x0000019107d73008 sp=0x00000060223f9680
Event: 64.284 Thread 0x000001916a670450 DEOPT UNPACKING pc=0x0000019107642b82 sp=0x00000060223f9668 mode 2
Event: 64.395 Thread 0x000001916a670450 Uncommon trap: trap_request=0xffffffbe fr.pc=0x0000019107d73008 relative=0x0000000000001de8
Event: 64.395 Thread 0x000001916a670450 Uncommon trap: reason=profile_predicate action=maybe_recompile pc=0x0000019107d73008 method=org.testcontainers.shaded.com.fasterxml.jackson.databind.deser.std.MapDeserializer._readAndBindStringKeyMap(Lorg/testcontainers/shaded/com/fasterxml/jackson/core/J
Event: 64.395 Thread 0x000001916a670450 DEOPT PACKING pc=0x0000019107d73008 sp=0x00000060223f9680
Event: 64.395 Thread 0x000001916a670450 DEOPT UNPACKING pc=0x0000019107642b82 sp=0x00000060223f9668 mode 2

Classes loaded (20 events):
Event: 11.473 Loading class java/security/cert/CertificateException
Event: 11.473 Loading class java/security/cert/CertificateException done
Event: 11.474 Loading class javax/crypto/NoSuchPaddingException
Event: 11.474 Loading class javax/crypto/NoSuchPaddingException done
Event: 11.474 Loading class javax/crypto/IllegalBlockSizeException
Event: 11.474 Loading class javax/crypto/IllegalBlockSizeException done
Event: 11.474 Loading class javax/crypto/BadPaddingException
Event: 11.474 Loading class javax/crypto/BadPaddingException done
Event: 11.474 Loading class java/security/spec/InvalidKeySpecException
Event: 11.474 Loading class java/security/spec/InvalidKeySpecException done
Event: 11.474 Loading class java/security/spec/KeySpec
Event: 11.474 Loading class java/security/spec/KeySpec done
Event: 11.489 Loading class java/net/BindException
Event: 11.489 Loading class java/net/BindException done
Event: 11.499 Loading class java/util/concurrent/atomic/AtomicReferenceFieldUpdater
Event: 11.499 Loading class java/util/concurrent/atomic/AtomicReferenceFieldUpdater done
Event: 11.499 Loading class java/util/concurrent/atomic/AtomicReferenceFieldUpdater$AtomicReferenceFieldUpdaterImpl
Event: 11.499 Loading class java/util/concurrent/atomic/AtomicReferenceFieldUpdater$AtomicReferenceFieldUpdaterImpl done
Event: 11.499 Loading class sun/reflect/misc/ReflectUtil
Event: 11.499 Loading class sun/reflect/misc/ReflectUtil done

Classes unloaded (0 events):
No events

Classes redefined (0 events):
No events

Internal exceptions (20 events):
Event: 3.055 Thread 0x000001915560c2f0 Exception <a 'java/lang/NoSuchMethodError'{0x0000000704006890}: 'long java.lang.invoke.DirectMethodHandle$Holder.invokeStaticInit(java.lang.Object, java.lang.Object)'> (0x0000000704006890) 
thrown [s\open\src\hotspot\share\interpreter\linkResolver.cpp, line 805]
Event: 3.059 Thread 0x000001915560c2f0 Exception <a 'java/lang/NoSuchMethodError'{0x000000070402bf40}: 'long java.lang.invoke.DirectMethodHandle$Holder.invokeInterface(java.lang.Object, java.lang.Object)'> (0x000000070402bf40) 
thrown [s\open\src\hotspot\share\interpreter\linkResolver.cpp, line 805]
Event: 3.059 Thread 0x000001915560c2f0 Exception <a 'java/lang/IncompatibleClassChangeError'{0x0000000704033bc0}: Found class java.lang.Object, but interface was expected> (0x0000000704033bc0) 
thrown [s\open\src\hotspot\share\interpreter\linkResolver.cpp, line 872]
Event: 3.143 Thread 0x000001915560c2f0 Exception <a 'java/lang/NoSuchMethodError'{0x0000000703fccf58}: 'java.lang.Object java.lang.invoke.DirectMethodHandle$Holder.newInvokeSpecial(java.lang.Object, java.lang.Object, java.lang.Object, int)'> (0x0000000703fccf58) 
thrown [s\open\src\hotspot\share\interpreter\linkResolver.cpp, line 805]
Event: 3.143 Thread 0x000001915560c2f0 Exception <a 'java/lang/NoSuchMethodError'{0x0000000703fd5a38}: 'java.lang.Object java.lang.invoke.Invokers$Holder.linkToTargetMethod(java.lang.Object, java.lang.Object, int, java.lang.Object)'> (0x0000000703fd5a38) 
thrown [s\open\src\hotspot\share\interpreter\linkResolver.cpp, line 805]
Event: 3.206 Thread 0x000001916a670450 Implicit null exception at 0x0000019107b94b2e to 0x0000019107b94b6c
Event: 4.487 Thread 0x000001916a670450 Exception <a 'java/lang/NoSuchMethodError'{0x0000000704470d98}: 'java.lang.Object java.lang.invoke.DirectMethodHandle$Holder.invokeStaticInit(java.lang.Object, int, int, int, int)'> (0x0000000704470d98) 
thrown [s\open\src\hotspot\share\interpreter\linkResolver.cpp, line 805]
Event: 4.506 Thread 0x000001916a670450 Exception <a 'java/lang/NoSuchMethodError'{0x00000007044e6770}: 'java.lang.Object java.lang.invoke.DirectMethodHandle$Holder.invokeStaticInit(java.lang.Object, java.lang.Object, int, int, int, int)'> (0x00000007044e6770) 
thrown [s\open\src\hotspot\share\interpreter\linkResolver.cpp, line 805]
Event: 4.871 Thread 0x000001916a670450 Exception <a 'java/lang/NoSuchMethodError'{0x000000070cc9f2f0}: 'void java.lang.invoke.Invokers$Holder.invokeExact_MT(java.lang.Object, java.lang.Object, java.lang.Object, java.lang.Object)'> (0x000000070cc9f2f0) 
thrown [s\open\src\hotspot\share\interpreter\linkResolver.cpp, line 805]
Event: 4.872 Thread 0x000001916a670450 Exception <a 'java/lang/NoSuchMethodError'{0x000000070ccb33d0}: 'void java.lang.invoke.DelegatingMethodHandle$Holder.reinvoke_L(java.lang.Object, java.lang.Object, int)'> (0x000000070ccb33d0) 
thrown [s\open\src\hotspot\share\interpreter\linkResolver.cpp, line 805]
Event: 6.161 Thread 0x000001916a670450 Exception <a 'java/lang/NoSuchMethodError'{0x00000007040ff7b0}: 'void java.lang.invoke.DirectMethodHandle$Holder.invokeStatic(java.lang.Object, long)'> (0x00000007040ff7b0) 
thrown [s\open\src\hotspot\share\interpreter\linkResolver.cpp, line 805]
Event: 6.879 Thread 0x000001916a670450 Exception <a 'java/lang/IncompatibleClassChangeError'{0x0000000703ac71e8}: Found class java.lang.Object, but interface was expected> (0x0000000703ac71e8) 
thrown [s\open\src\hotspot\share\interpreter\linkResolver.cpp, line 872]
Event: 6.879 Thread 0x000001916a670450 Exception <a 'java/lang/IncompatibleClassChangeError'{0x0000000703ad0120}: Found class java.lang.Object, but interface was expected> (0x0000000703ad0120) 
thrown [s\open\src\hotspot\share\interpreter\linkResolver.cpp, line 872]
Event: 8.595 Thread 0x000001916a670450 Exception <a 'java/lang/IncompatibleClassChangeError'{0x0000000703af18e8}: Found class java.lang.Object, but interface was expected> (0x0000000703af18e8) 
thrown [s\open\src\hotspot\share\interpreter\linkResolver.cpp, line 872]
Event: 8.937 Thread 0x000001916a670450 Exception <a 'java/lang/NoSuchMethodError'{0x000000070cf14c88}: 'java.lang.Object java.lang.invoke.DirectMethodHandle$Holder.invokeInterface(java.lang.Object, java.lang.Object, int)'> (0x000000070cf14c88) 
thrown [s\open\src\hotspot\share\interpreter\linkResolver.cpp, line 805]
Event: 8.938 Thread 0x000001916a670450 Exception <a 'java/lang/IncompatibleClassChangeError'{0x000000070cf1d478}: Found class java.lang.Object, but interface was expected> (0x000000070cf1d478) 
thrown [s\open\src\hotspot\share\interpreter\linkResolver.cpp, line 872]
Event: 11.000 Thread 0x000001916a670450 Implicit null exception at 0x0000019107b06b72 to 0x0000019107b06e04
Event: 11.000 Thread 0x000001916a670450 Implicit null exception at 0x0000019107b32272 to 0x0000019107b32504
Event: 51.233 Thread 0x000001916a670450 Implicit null exception at 0x0000019107c43347 to 0x0000019107c4416c
Event: 51.699 Thread 0x000001916a670450 Implicit null exception at 0x0000019107b8a4e9 to 0x0000019107b8b004

VM Operations (20 events):
Event: 29.178 Executing VM operation: G1CollectForAllocation (G1 Evacuation Pause)
Event: 29.183 Executing VM operation: G1CollectForAllocation (G1 Evacuation Pause) done
Event: 29.205 Executing VM operation: G1PauseRemark
Event: 29.211 Executing VM operation: G1PauseRemark done
Event: 29.219 Executing VM operation: G1PauseCleanup
Event: 29.219 Executing VM operation: G1PauseCleanup done
Event: 48.060 Executing VM operation: G1CollectForAllocation (G1 Evacuation Pause)
Event: 48.061 Executing VM operation: G1CollectForAllocation (G1 Evacuation Pause) done
Event: 60.025 Executing VM operation: HandshakeAllThreads (HandshakeForDeflation)
Event: 60.025 Executing VM operation: HandshakeAllThreads (HandshakeForDeflation) done
Event: 60.025 Executing VM operation: RendezvousGCThreads
Event: 60.025 Executing VM operation: RendezvousGCThreads done
Event: 66.296 Executing VM operation: G1CollectForAllocation (G1 Evacuation Pause)
Event: 66.299 Executing VM operation: G1CollectForAllocation (G1 Evacuation Pause) done
Event: 84.462 Executing VM operation: G1CollectForAllocation (G1 Evacuation Pause)
Event: 84.463 Executing VM operation: G1CollectForAllocation (G1 Evacuation Pause) done
Event: 84.489 Executing VM operation: G1PauseRemark
Event: 84.496 Executing VM operation: G1PauseRemark done
Event: 84.504 Executing VM operation: G1PauseCleanup
Event: 84.504 Executing VM operation: G1PauseCleanup done

Memory protections (0 events):
No events

Nmethod flushes (20 events):
Event: 84.495 Thread 0x000001917cf96f60 flushing  nmethod 0x00000191007d9f08
Event: 84.495 Thread 0x000001917cf96f60 flushing  nmethod 0x00000191007da808
Event: 84.495 Thread 0x000001917cf96f60 flushing  nmethod 0x00000191007db788
Event: 84.495 Thread 0x000001917cf96f60 flushing  nmethod 0x00000191007dbd08
Event: 84.495 Thread 0x000001917cf96f60 flushing  nmethod 0x00000191007dc688
Event: 84.495 Thread 0x000001917cf96f60 flushing  nmethod 0x00000191007de688
Event: 84.495 Thread 0x000001917cf96f60 flushing  nmethod 0x00000191007dfd88
Event: 84.495 Thread 0x000001917cf96f60 flushing  nmethod 0x00000191007e0088
Event: 84.495 Thread 0x000001917cf96f60 flushing  nmethod 0x0000019100806a88
Event: 84.495 Thread 0x000001917cf96f60 flushing  nmethod 0x000001910080a488
Event: 84.495 Thread 0x000001917cf96f60 flushing  nmethod 0x000001910080c308
Event: 84.495 Thread 0x000001917cf96f60 flushing  nmethod 0x000001910080db88
Event: 84.495 Thread 0x000001917cf96f60 flushing  nmethod 0x000001910080ee08
Event: 84.495 Thread 0x000001917cf96f60 flushing  nmethod 0x000001910081fc88
Event: 84.495 Thread 0x000001917cf96f60 flushing  nmethod 0x0000019100820288
Event: 84.495 Thread 0x000001917cf96f60 flushing  nmethod 0x0000019100821108
Event: 84.495 Thread 0x000001917cf96f60 flushing  nmethod 0x0000019100846208
Event: 84.495 Thread 0x000001917cf96f60 flushing  nmethod 0x0000019100858b08
Event: 84.495 Thread 0x000001917cf96f60 flushing  nmethod 0x000001910085a788
Event: 84.495 Thread 0x000001917cf96f60 flushing  nmethod 0x000001910086f188

Events (20 events):
Event: 6.165 Thread 0x000001916a670450 Thread added: 0x00000191572d17a0
Event: 6.165 Thread 0x00000191572d17a0 Thread exited: 0x00000191572d17a0
Event: 6.167 Thread 0x000001916a670450 Thread added: 0x00000191572d5220
Event: 6.322 Thread 0x00000191572d4ad0 Thread exited: 0x00000191572d4ad0
Event: 6.322 Thread 0x00000191572d5970 Thread exited: 0x00000191572d5970
Event: 6.325 Thread 0x00000191572d5220 Thread exited: 0x00000191572d5220
Event: 8.796 Thread 0x000001917cfde5a0 Thread added: 0x0000019154a29fe0
Event: 8.913 Thread 0x000001916a670450 Thread added: 0x00000191572d1050
Event: 8.932 Thread 0x00000191572d1050 Thread added: 0x00000191572d17a0
Event: 8.932 Thread 0x00000191572d1050 Thread added: 0x00000191572d4ad0
Event: 8.936 Thread 0x00000191572d1050 Thread exited: 0x00000191572d1050
Event: 8.939 Thread 0x000001916a670450 Thread added: 0x00000191572d0900
Event: 9.685 Thread 0x0000019154a29fe0 Thread exited: 0x0000019154a29fe0
Event: 9.707 Thread 0x000001916a670450 Thread added: 0x00000191572d1050
Event: 9.765 Thread 0x00000191572d1050 Thread exited: 0x00000191572d1050
Event: 11.146 Thread 0x000001916a670450 Thread added: 0x00000191572d5220
Event: 11.444 Thread 0x000001917cfde5a0 Thread added: 0x00000191574604d0
Event: 11.616 Thread 0x00000191574604d0 Thread exited: 0x00000191574604d0
Event: 68.937 Thread 0x00000191572d17a0 Thread exited: 0x00000191572d17a0
Event: 69.956 Thread 0x00000191572d4ad0 Thread exited: 0x00000191572d4ad0


Dynamic libraries:
0x00007ff7b6470000 - 0x00007ff7b6480000 	C:\Program Files\Java\jdk-24\bin\java.exe
0x00007ffd52490000 - 0x00007ffd52688000 	C:\WINDOWS\SYSTEM32\ntdll.dll
0x00007ffd515b0000 - 0x00007ffd51672000 	C:\WINDOWS\System32\KERNEL32.DLL
0x00007ffd4fcd0000 - 0x00007ffd4ffc6000 	C:\WINDOWS\System32\KERNELBASE.dll
0x00007ffd500b0000 - 0x00007ffd501b0000 	C:\WINDOWS\System32\ucrtbase.dll
0x00007ffd41540000 - 0x00007ffd41556000 	C:\Program Files\Java\jdk-24\bin\jli.dll
0x00007ffd51c30000 - 0x00007ffd51dd1000 	C:\WINDOWS\System32\USER32.dll
0x00007ffd41370000 - 0x00007ffd4138b000 	C:\Program Files\Java\jdk-24\bin\VCRUNTIME140.dll
0x00007ffd4fb20000 - 0x00007ffd4fb42000 	C:\WINDOWS\System32\win32u.dll
0x00007ffd3d200000 - 0x00007ffd3d49b000 	C:\WINDOWS\WinSxS\amd64_microsoft.windows.common-controls_6595b64144ccf1df_6.0.19041.6456_none_60b8a6cb71f64256\COMCTL32.dll
0x00007ffd51580000 - 0x00007ffd515ab000 	C:\WINDOWS\System32\GDI32.dll
0x00007ffd51de0000 - 0x00007ffd51e7e000 	C:\WINDOWS\System32\msvcrt.dll
0x00007ffd50230000 - 0x00007ffd50349000 	C:\WINDOWS\System32\gdi32full.dll
0x00007ffd4fc30000 - 0x00007ffd4fccd000 	C:\WINDOWS\System32\msvcp_win.dll
0x00007ffd514e0000 - 0x00007ffd5150f000 	C:\WINDOWS\System32\IMM32.DLL
0x00007ffd49940000 - 0x00007ffd4994c000 	C:\Program Files\Java\jdk-24\bin\vcruntime140_1.dll
0x00007ffd40380000 - 0x00007ffd4040e000 	C:\Program Files\Java\jdk-24\bin\msvcp140.dll
0x00007ffcd5930000 - 0x00007ffcd66d2000 	C:\Program Files\Java\jdk-24\bin\server\jvm.dll
0x00007ffd51060000 - 0x00007ffd51111000 	C:\WINDOWS\System32\ADVAPI32.dll
0x00007ffd51e80000 - 0x00007ffd51f1f000 	C:\WINDOWS\System32\sechost.dll
0x00007ffd519e0000 - 0x00007ffd51b00000 	C:\WINDOWS\System32\RPCRT4.dll
0x00007ffd4ffd0000 - 0x00007ffd4fff7000 	C:\WINDOWS\System32\bcrypt.dll
0x00007ffd51510000 - 0x00007ffd5157b000 	C:\WINDOWS\System32\WS2_32.dll
0x00007ffd4f070000 - 0x00007ffd4f0bb000 	C:\WINDOWS\SYSTEM32\POWRPROF.dll
0x00007ffd436e0000 - 0x00007ffd43707000 	C:\WINDOWS\SYSTEM32\WINMM.dll
0x00007ffd459c0000 - 0x00007ffd459ca000 	C:\WINDOWS\SYSTEM32\VERSION.dll
0x00007ffd4eee0000 - 0x00007ffd4eef2000 	C:\WINDOWS\SYSTEM32\UMPDC.dll
0x00007ffd4d970000 - 0x00007ffd4d982000 	C:\WINDOWS\SYSTEM32\kernel.appcore.dll
0x00007ffd34df0000 - 0x00007ffd34dfa000 	C:\Program Files\Java\jdk-24\bin\jimage.dll
0x00007ffd473f0000 - 0x00007ffd475f1000 	C:\WINDOWS\SYSTEM32\DBGHELP.DLL
0x00007ffd3b6b0000 - 0x00007ffd3b6e4000 	C:\WINDOWS\SYSTEM32\dbgcore.DLL
0x00007ffd4fba0000 - 0x00007ffd4fc22000 	C:\WINDOWS\System32\bcryptPrimitives.dll
0x00007ffd34dd0000 - 0x00007ffd34dee000 	C:\Program Files\Java\jdk-24\bin\java.dll
0x00007ffd512d0000 - 0x00007ffd513fb000 	C:\WINDOWS\System32\ole32.dll
0x00007ffd504b0000 - 0x00007ffd50804000 	C:\WINDOWS\System32\combase.dll
0x00007ffd508f0000 - 0x00007ffd51060000 	C:\WINDOWS\System32\SHELL32.dll
0x00007ffd4db70000 - 0x00007ffd4e315000 	C:\WINDOWS\SYSTEM32\windows.storage.dll
0x00007ffd4f470000 - 0x00007ffd4f49b000 	C:\WINDOWS\SYSTEM32\Wldp.dll
0x00007ffd50820000 - 0x00007ffd508ed000 	C:\WINDOWS\System32\OLEAUT32.dll
0x00007ffd51b80000 - 0x00007ffd51c2d000 	C:\WINDOWS\System32\SHCORE.dll
0x00007ffd51980000 - 0x00007ffd519db000 	C:\WINDOWS\System32\shlwapi.dll
0x00007ffd4fa50000 - 0x00007ffd4fa74000 	C:\WINDOWS\SYSTEM32\profapi.dll
0x00007ffd1a530000 - 0x00007ffd1a607000 	C:\Program Files\Java\jdk-24\bin\jsvml.dll
0x00007ffd34dc0000 - 0x00007ffd34dd0000 	C:\Program Files\Java\jdk-24\bin\net.dll
0x00007ffd4f250000 - 0x00007ffd4f2ba000 	C:\WINDOWS\system32\mswsock.dll
0x00007ffd34da0000 - 0x00007ffd34db6000 	C:\Program Files\Java\jdk-24\bin\nio.dll
0x00007ffd2e760000 - 0x00007ffd2e777000 	C:\Program Files\Java\jdk-24\bin\zip.dll
0x00007ffd41650000 - 0x00007ffd4165a000 	C:\Program Files\Java\jdk-24\bin\management.dll
0x00007ffd41640000 - 0x00007ffd4164b000 	C:\Program Files\Java\jdk-24\bin\management_ext.dll
0x00007ffd51850000 - 0x00007ffd51858000 	C:\WINDOWS\System32\PSAPI.DLL
0x00007ffd41630000 - 0x00007ffd4163e000 	C:\Program Files\Java\jdk-24\bin\sunmscapi.dll
0x00007ffd50350000 - 0x00007ffd504ad000 	C:\WINDOWS\System32\CRYPT32.dll
0x00007ffd4f5c0000 - 0x00007ffd4f5e7000 	C:\WINDOWS\SYSTEM32\ncrypt.dll
0x00007ffd4f580000 - 0x00007ffd4f5bb000 	C:\WINDOWS\SYSTEM32\NTASN1.dll
0x00007ffd2b4d0000 - 0x00007ffd2b4e0000 	C:\Program Files\Java\jdk-24\bin\verify.dll
0x00007ffd4f4b0000 - 0x00007ffd4f4c8000 	C:\WINDOWS\SYSTEM32\CRYPTSP.dll
0x00007ffd4eb20000 - 0x00007ffd4eb58000 	C:\WINDOWS\system32\rsaenh.dll
0x00007ffd4fa10000 - 0x00007ffd4fa3e000 	C:\WINDOWS\SYSTEM32\USERENV.dll
0x00007ffd4f3e0000 - 0x00007ffd4f3ec000 	C:\WINDOWS\SYSTEM32\CRYPTBASE.dll
0x00007ffd4ef00000 - 0x00007ffd4ef3b000 	C:\WINDOWS\SYSTEM32\IPHLPAPI.DLL
0x00007ffd50810000 - 0x00007ffd50818000 	C:\WINDOWS\System32\NSI.dll
0x00007ffd4ef40000 - 0x00007ffd4f00a000 	C:\WINDOWS\SYSTEM32\DNSAPI.dll
0x00007ffd3ea30000 - 0x00007ffd3ea3a000 	C:\Windows\System32\rasadhlp.dll
0x00007ffd48c30000 - 0x00007ffd48cb0000 	C:\WINDOWS\System32\fwpuclnt.dll
0x00007ffd34d90000 - 0x00007ffd34d99000 	C:\Program Files\Java\jdk-24\bin\extnet.dll

JVMTI agents: none

dbghelp: loaded successfully - version: 4.0.5 - missing functions: none
symbol engine: initialized successfully - sym options: 0x614 - pdb path: .;C:\Program Files\Java\jdk-24\bin;C:\WINDOWS\SYSTEM32;C:\WINDOWS\WinSxS\amd64_microsoft.windows.common-controls_6595b64144ccf1df_6.0.19041.6456_none_60b8a6cb71f64256;C:\Program Files\Java\jdk-24\bin\server

VM Arguments:
java_command: C:\Users\mario\AppData\Local\Temp\surefire13593049821443657900\surefirebooter-20260302064948459_3.jar C:\Users\mario\AppData\Local\Temp\surefire13593049821443657900 2026-03-02T06-49-48_256-jvmRun1 surefire-20260302064948459_1tmp surefire_0-20260302064948459_2tmp
java_class_path (initial): C:\Users\mario\AppData\Local\Temp\surefire13593049821443657900\surefirebooter-20260302064948459_3.jar
Launcher Type: SUN_STANDARD

[Global flags]
     intx CICompilerCount                          = 4                                         {product} {ergonomic}
     uint ConcGCThreads                            = 2                                         {product} {ergonomic}
     uint G1ConcRefinementThreads                  = 8                                         {product} {ergonomic}
   size_t G1HeapRegionSize                         = 2097152                                   {product} {ergonomic}
   size_t InitialHeapSize                          = 268435456                                 {product} {ergonomic}
   size_t MarkStackSize                            = 4194304                                   {product} {ergonomic}
   size_t MarkStackSizeMax                         = 536870912                                 {product} {ergonomic}
   size_t MaxHeapSize                              = 4278190080                                {product} {ergonomic}
   size_t MaxNewSize                               = 2566914048                                {product} {ergonomic}
   size_t MinHeapDeltaBytes                        = 2097152                                   {product} {ergonomic}
   size_t MinHeapSize                              = 8388608                                   {product} {ergonomic}
    uintx NonNMethodCodeHeapSize                   = 5832704                                {pd product} {ergonomic}
    uintx NonProfiledCodeHeapSize                  = 122945536                              {pd product} {ergonomic}
    uintx ProfiledCodeHeapSize                     = 122880000                              {pd product} {ergonomic}
    uintx ReservedCodeCacheSize                    = 251658240                              {pd product} {ergonomic}
     bool SegmentedCodeCache                       = true                                      {product} {ergonomic}
   size_t SoftMaxHeapSize                          = 4278190080                             {manageable} {ergonomic}
     bool UseCompressedOops                        = true                           {product lp64_product} {ergonomic}
     bool UseG1GC                                  = true                                      {product} {ergonomic}
     bool UseLargePagesIndividualAllocation        = false                                  {pd product} {ergonomic}

Logging:
Log output configuration:
 #0: stdout all=warning uptime,level,tags foldmultilines=false
 #1: stderr all=off uptime,level,tags foldmultilines=false

Environment Variables:
JAVA_HOME=C:/Program Files/Java/jdk-24
PATH=C:\Program Files\Git\mingw64\bin;C:\Program Files\Git\usr\bin;C:\Users\mario\bin;C:\Program Files (x86)\Common Files\Oracle\Java\java8path;C:\Program Files (x86)\Common Files\Oracle\Java\javapath;C:\Program Files\Java\jdk-24\bin;C:\Program Files (x86)\Common Files\Intel\Shared Libraries\redist\intel64\compiler;C:\Program Files (x86)\NVIDIA Corporation\PhysX\Common;C:\WINDOWS\system32;C:\WINDOWS;C:\WINDOWS\System32\Wbem;C:\WINDOWS\System32\WindowsPowerShell\v1.0;C:\WINDOWS\System32\OpenSSH;C:\Program Files\dotnet;C:\Program Files\AutoFirma\AutoFirma;C:\Program Files\Docker\Docker\resources\bin;C:\Program Files\Git\cmd;C:\Program Files\doxygen\bin;C:\Program Files (x86)\BaseX\bin;C:\Program Files\Amazon\AWSCLIV2;C:\maven\bin;C:\Program Files\Microsoft SQL Server\150\Tools\Binn;C:\Program Files\Microsoft SQL Server\Client SDK\ODBC\170\Tools\Binn;C:\Program Files\Microsoft SQL Server\170\DTS\Binn;C:\Program Files\nodejs;C:\Program Files\Java\jdk-24\bin;C:\Users\mario\AppData\Local\Programs\Python\Python312\Scripts;C:\Users\mario\AppData\Local\Programs\Python\Python312;C:\Users\mario\AppData\Local\Microsoft\WindowsApps;C:\Users\mario\AppData\Local\Programs\Microsoft VS Code\bin;C:\Program Files\JetBrains\PyCharm Community Edition 2023.1.1\bin;C:\Users\mario\AppData\Local\GitHubDesktop\bin;C:\Users\mario\AppData\Local\Programs\cursor\resources\app\bin;C:\Users\mario\AppData\Local\Programs\Hyper\resources\bin;C:\Users\mario\.dotnet\tools;C:\Users\mario\AppData\Roaming\npm;C:\Exercism;C:\Users\mario\.local\bin
USERNAME=mario
SHELL=C:\Program Files\Git\usr\bin\bash.exe
TERM=xterm-256color
OS=Windows_NT
PROCESSOR_IDENTIFIER=AMD64 Family 23 Model 113 Stepping 0, AuthenticAMD
TMP=C:\Users\mario\AppData\Local\Temp
TEMP=C:\Users\mario\AppData\Local\Temp




Periodic native trim disabled

---------------  S Y S T E M  ---------------

OS:
 Windows 10 , 64 bit Build 19041 (10.0.19041.5915)
OS uptime: 18 days 7:28 hours
Hyper-V role detected

CPU: total 8 (initial active 8) (8 cores per cpu, 2 threads per core) family 23 model 113 stepping 0 microcode 0x0, cx8, cmov, fxsr, ht, mmx, 3dnowpref, sse, sse2, sse3, ssse3, sse4a, sse4.1, sse4.2, popcnt, lzcnt, tsc, tscinvbit, avx, avx2, aes, clmul, bmi1, bmi2, adx, sha, fma, vzeroupper, clflush, clflushopt, hv, rdtscp, rdpid, f16c
Processor Information for the first 8 processors :
  Max Mhz: 3593, Current Mhz: 3593, Mhz Limit: 3593

Memory: 4k page, system-wide physical 16312M (296M free)
TotalPageFile size 65464M (AvailPageFile size 6M)
current process WorkingSet (physical memory assigned to process): 197M, peak: 216M
current process commit charge ("private bytes"): 239M, peak: 419M

vm_info: Java HotSpot(TM) 64-Bit Server VM (24.0.1+9-30) for windows-amd64 JRE (24.0.1+9-30), built on 2025-03-05T07:23:45Z with MS VC++ 17.6 (VS2022)

END.
