#
# There is insufficient memory for the Java Runtime Environment to continue.
# Native memory allocation (mmap) failed to map 92274688 bytes. Error detail: G1 virtual space
# Possible reasons:
#   The system is out of physical RAM or swap space
#   This process is running with CompressedOops enabled, and the Java Heap may be blocking the growth of the native heap
# Possible solutions:
#   Reduce memory load on the system
#   Increase physical memory or swap space
#   Check if swap backing store is full
#   Decrease Java heap size (-Xmx/-Xms)
#   Decrease number of Java threads
#   Decrease Java thread stack sizes (-Xss)
#   Set larger code cache with -XX:ReservedCodeCacheSize=
#   JVM is running with Zero Based Compressed Oops mode in which the Java heap is
#     placed in the first 32GB address space. The Java Heap base address is the
#     maximum limit for the native heap growth. Please use -XX:HeapBaseMinAddress
#     to set the Java Heap base and to place the Java Heap above 32GB virtual address.
# This output file may be truncated or incomplete.
#
#  Out of Memory Error (os_windows.cpp:3564), pid=1736, tid=50100
#
# JRE version: Java(TM) SE Runtime Environment (24.0.1+9) (build 24.0.1+9-30)
# Java VM: Java HotSpot(TM) 64-Bit Server VM (24.0.1+9-30, mixed mode, emulated-client, sharing, tiered, compressed oops, compressed class ptrs, g1 gc, windows-amd64)
# No core dump will be written. Minidumps are not enabled by default on client versions of Windows
#

---------------  S U M M A R Y ------------

Command Line: -XX:TieredStopAtLevel=1 com.compapption.api.ApiApplication

Host: AMD Ryzen 3 3100 4-Core Processor              , 8 cores, 15G,  Windows 10 , 64 bit Build 19041 (10.0.19041.5915)
Time: Tue Feb 24 20:48:03 2026 Hora est嫕dar romance elapsed time: 26.461700 seconds (0d 0h 0m 26s)

---------------  T H R E A D  ---------------

Current thread (0x0000025bf8fbd0d0):  VMThread "VM Thread"          [id=50100, stack(0x000000a64c000000,0x000000a64c100000) (1024K)]

Stack: [0x000000a64c000000,0x000000a64c100000]
Native frames: (J=compiled Java code, j=interpreted, Vv=VM code, C=native code)
V  [jvm.dll+0x730739]  (no source info available)
V  [jvm.dll+0x8d9b23]  (no source info available)
V  [jvm.dll+0x8dc00d]  (no source info available)
V  [jvm.dll+0x8dc683]  (no source info available)
V  [jvm.dll+0x2aa086]  (no source info available)
V  [jvm.dll+0x72cc65]  (no source info available)
V  [jvm.dll+0x72059a]  (no source info available)
V  [jvm.dll+0x390cea]  (no source info available)
V  [jvm.dll+0x3989f6]  (no source info available)
V  [jvm.dll+0x38523e]  (no source info available)
V  [jvm.dll+0x3854f8]  (no source info available)
V  [jvm.dll+0x35d0cc]  (no source info available)
V  [jvm.dll+0x35d15a]  (no source info available)
V  [jvm.dll+0x3aa702]  (no source info available)
V  [jvm.dll+0x3a8d82]  (no source info available)
V  [jvm.dll+0x35c897]  (no source info available)
V  [jvm.dll+0x3a8534]  (no source info available)
V  [jvm.dll+0x8e2742]  (no source info available)
V  [jvm.dll+0x8e3a8c]  (no source info available)
V  [jvm.dll+0x8e3ff8]  (no source info available)
V  [jvm.dll+0x8e4293]  (no source info available)
V  [jvm.dll+0x87d76b]  (no source info available)
V  [jvm.dll+0x72ee55]  (no source info available)
C  [ucrtbase.dll+0x21bb2]  (no source info available)
C  [KERNEL32.DLL+0x17374]  (no source info available)
C  [ntdll.dll+0x4cc91]  (no source info available)

VM_Operation (0x000000a64cef7320): G1CollectForAllocation, mode: safepoint, requested by thread 0x0000025bc5e3bf70


---------------  P R O C E S S  ---------------

Threads class SMR info:
_java_thread_list=0x0000025bc7542710, length=18, elements={
0x0000025be3c00270, 0x0000025bc5009590, 0x0000025bc500a190, 0x0000025bc500b180,
0x0000025bc500fde0, 0x0000025bc5030d20, 0x0000025bc5031850, 0x0000025bc5032380,
0x0000025bc50bdcb0, 0x0000025bc50c1c20, 0x0000025bc5e3a5b0, 0x0000025bc5e3bf70,
0x0000025bc6c1bb20, 0x0000025bc6c1c260, 0x0000025bc6c78580, 0x0000025bc6c3f7b0,
0x0000025bc6c3f060, 0x0000025bc57d9320
}

Java Threads: ( => current thread )
  0x0000025be3c00270 JavaThread "main"                              [_thread_blocked, id=26900, stack(0x000000a64b900000,0x000000a64ba00000) (1024K)]
  0x0000025bc5009590 JavaThread "Reference Handler"          daemon [_thread_blocked, id=27064, stack(0x000000a64c100000,0x000000a64c200000) (1024K)]
  0x0000025bc500a190 JavaThread "Finalizer"                  daemon [_thread_blocked, id=51668, stack(0x000000a64c200000,0x000000a64c300000) (1024K)]
  0x0000025bc500b180 JavaThread "Signal Dispatcher"          daemon [_thread_blocked, id=24708, stack(0x000000a64c300000,0x000000a64c400000) (1024K)]
  0x0000025bc500fde0 JavaThread "Attach Listener"            daemon [_thread_blocked, id=51276, stack(0x000000a64c400000,0x000000a64c500000) (1024K)]
  0x0000025bc5030d20 JavaThread "Service Thread"             daemon [_thread_blocked, id=52560, stack(0x000000a64c500000,0x000000a64c600000) (1024K)]
  0x0000025bc5031850 JavaThread "Monitor Deflation Thread"   daemon [_thread_blocked, id=8472, stack(0x000000a64c600000,0x000000a64c700000) (1024K)]
  0x0000025bc5032380 JavaThread "C1 CompilerThread0"         daemon [_thread_blocked, id=45724, stack(0x000000a64c700000,0x000000a64c800000) (1024K)]
  0x0000025bc50bdcb0 JavaThread "Notification Thread"        daemon [_thread_blocked, id=52540, stack(0x000000a64c800000,0x000000a64c900000) (1024K)]
  0x0000025bc50c1c20 JavaThread "Common-Cleaner"             daemon [_thread_blocked, id=11312, stack(0x000000a64c900000,0x000000a64ca00000) (1024K)]
  0x0000025bc5e3a5b0 JavaThread "Thread-0"                          [_thread_blocked, id=25640, stack(0x000000a64cd00000,0x000000a64ce00000) (1024K)]
  0x0000025bc5e3bf70 JavaThread "restartedMain"                     [_thread_blocked, id=25496, stack(0x000000a64ce00000,0x000000a64cf00000) (1024K)]
  0x0000025bc6c1bb20 JavaThread "Catalina-utility-1"                [_thread_blocked, id=51128, stack(0x000000a64d400000,0x000000a64d500000) (1024K)]
  0x0000025bc6c1c260 JavaThread "Catalina-utility-2"                [_thread_blocked, id=52260, stack(0x000000a64d800000,0x000000a64d900000) (1024K)]
  0x0000025bc6c78580 JavaThread "container-0"                       [_thread_blocked, id=25804, stack(0x000000a64d900000,0x000000a64da00000) (1024K)]
  0x0000025bc6c3f7b0 JavaThread "mysql-cj-abandoned-connection-cleanup" daemon [_thread_blocked, id=48416, stack(0x000000a64da00000,0x000000a64db00000) (1024K)]
  0x0000025bc6c3f060 JavaThread "HikariPool-1:housekeeper"   daemon [_thread_blocked, id=17668, stack(0x000000a64dc00000,0x000000a64dd00000) (1024K)]
  0x0000025bc57d9320 JavaThread "C1 CompilerThread1"         daemon [_thread_blocked, id=51820, stack(0x000000a64ca00000,0x000000a64cb00000) (1024K)]
Total: 18

Other Threads:
=>0x0000025bf8fbd0d0 VMThread "VM Thread"                           [id=50100, stack(0x000000a64c000000,0x000000a64c100000) (1024K)]
  0x0000025bf8fad760 WatcherThread "VM Periodic Task Thread"        [id=21624, stack(0x000000a64bf00000,0x000000a64c000000) (1024K)]
  0x0000025be5ee8c80 WorkerThread "GC Thread#0"                     [id=28648, stack(0x000000a64ba00000,0x000000a64bb00000) (1024K)]
  0x0000025bc5fb59f0 WorkerThread "GC Thread#1"                     [id=7088, stack(0x000000a64cf00000,0x000000a64d000000) (1024K)]
  0x0000025bc5fb5da0 WorkerThread "GC Thread#2"                     [id=20552, stack(0x000000a64d000000,0x000000a64d100000) (1024K)]
  0x0000025bc5fb6150 WorkerThread "GC Thread#3"                     [id=26144, stack(0x000000a64d100000,0x000000a64d200000) (1024K)]
  0x0000025bc5fb6500 WorkerThread "GC Thread#4"                     [id=52844, stack(0x000000a64d200000,0x000000a64d300000) (1024K)]
  0x0000025bc5fb68b0 WorkerThread "GC Thread#5"                     [id=27092, stack(0x000000a64d300000,0x000000a64d400000) (1024K)]
  0x0000025bc6436a30 WorkerThread "GC Thread#6"                     [id=52528, stack(0x000000a64d500000,0x000000a64d600000) (1024K)]
  0x0000025bc6435b70 WorkerThread "GC Thread#7"                     [id=52296, stack(0x000000a64d600000,0x000000a64d700000) (1024K)]
  0x0000025be5efe530 ConcurrentGCThread "G1 Main Marker"            [id=48584, stack(0x000000a64bb00000,0x000000a64bc00000) (1024K)]
  0x0000025be5effff0 WorkerThread "G1 Conc#0"                       [id=30516, stack(0x000000a64bc00000,0x000000a64bd00000) (1024K)]
  0x0000025bc6435060 WorkerThread "G1 Conc#1"                       [id=28996, stack(0x000000a64d700000,0x000000a64d800000) (1024K)]
  0x0000025bf8e6e0a0 ConcurrentGCThread "G1 Refine#0"               [id=5352, stack(0x000000a64bd00000,0x000000a64be00000) (1024K)]
  0x0000025bf8e6ec40 ConcurrentGCThread "G1 Service"                [id=26700, stack(0x000000a64be00000,0x000000a64bf00000) (1024K)]
Total: 15

Threads with active compile tasks:
Total: 0

VM state: at safepoint (normal execution)

VM Mutex/Monitor currently owned by a thread:  ([mutex/lock_event])
[0x00007ffd16bd44b0] Threads_lock - owner thread: 0x0000025bf8fbd0d0
[0x00007ffd16bd45b0] Heap_lock - owner thread: 0x0000025bc5e3bf70

Heap address: 0x0000000701000000, size: 4080 MB, Compressed Oops mode: Zero based, Oop shift amount: 3

CDS archive(s) mapped at: [0x0000025b80000000-0x0000025b80d40000-0x0000025b80d40000), size 13893632, SharedBaseAddress: 0x0000025b80000000, ArchiveRelocationMode: 1.
Compressed class space mapped at: 0x0000025b81000000-0x0000025bc1000000, reserved size: 1073741824
UseCompressedClassPointers 1, UseCompactObjectHeaders 0
Narrow klass pointer bits 32, Max shift 3
Narrow klass base: 0x0000025b80000000, Narrow klass shift: 0
Encoding Range: [0x0000025b80000000 - 0x0000025c80000000), (4294967296 bytes)
Klass Range:    [0x0000025b80000000 - 0x0000025bc1000000), (1090519040 bytes)
Klass ID Range:  [8 - 1090519033) (1090519025)

GC Precious Log:
 CardTable entry size: 512
 Card Set container configuration: InlinePtr #cards 4 size 8 Array Of Cards #cards 16 size 48 Howl #buckets 8 coarsen threshold 3686 Howl Bitmap #cards 512 size 80 coarsen threshold 460 Card regions per heap region 1 cards per card region 4096
 CPUs: 8 total, 8 available
 Memory: 16312M
 Large Page Support: Disabled
 NUMA Support: Disabled
 Compressed Oops: Enabled (Zero based)
 Heap Region Size: 2M
 Heap Min Capacity: 8M
 Heap Initial Capacity: 256M
 Heap Max Capacity: 4080M
 Pre-touch: Disabled
 Parallel Workers: 8
 Concurrent Workers: 2
 Concurrent Refinement Workers: 8
 Periodic GC: Disabled

Heap:
 garbage-first heap   total reserved 4177920K, committed 98304K, used 76752K [0x0000000701000000, 0x0000000800000000)
  region size 2048K, 2 young (4096K), 2 survivors (4096K)
 Metaspace       used 76782K, committed 77312K, reserved 1179648K
  class space    used 9444K, committed 9664K, reserved 1048576K

Heap Regions: E=young(eden), S=young(survivor), O=old, HS=humongous(starts), HC=humongous(continues), CS=collection set, F=free, TAMS=top-at-mark-start, PB=parsable bottom
|   0|0x0000000701000000, 0x0000000701200000, 0x0000000701200000|100%| O|  |TAMS 0x0000000701200000| PB 0x0000000701000000| Untracked |  0
|   1|0x0000000701200000, 0x00000007013d6c90, 0x0000000701400000| 91%| O|  |TAMS 0x00000007013d6c90| PB 0x0000000701200000| Untracked |  0
|   2|0x0000000701400000, 0x0000000701600000, 0x0000000701600000|100%| O|  |TAMS 0x0000000701600000| PB 0x0000000701400000| Untracked |  0
|   3|0x0000000701600000, 0x0000000701800000, 0x0000000701800000|100%| O|  |TAMS 0x0000000701800000| PB 0x0000000701600000| Untracked |  0
|   4|0x0000000701800000, 0x0000000701a00000, 0x0000000701a00000|100%| O|  |TAMS 0x0000000701a00000| PB 0x0000000701800000| Untracked |  0
|   5|0x0000000701a00000, 0x0000000701c00000, 0x0000000701c00000|100%| O|  |TAMS 0x0000000701c00000| PB 0x0000000701a00000| Untracked |  0
|   6|0x0000000701c00000, 0x0000000701e00000, 0x0000000701e00000|100%| O|  |TAMS 0x0000000701e00000| PB 0x0000000701c00000| Untracked |  0
|   7|0x0000000701e00000, 0x0000000702000000, 0x0000000702000000|100%| O|  |TAMS 0x0000000702000000| PB 0x0000000701e00000| Untracked |  0
|   8|0x0000000702000000, 0x0000000702200000, 0x0000000702200000|100%| O|  |TAMS 0x0000000702200000| PB 0x0000000702000000| Untracked |  0
|   9|0x0000000702200000, 0x0000000702400000, 0x0000000702400000|100%| O|  |TAMS 0x0000000702400000| PB 0x0000000702200000| Untracked |  0
|  10|0x0000000702400000, 0x0000000702600000, 0x0000000702600000|100%| O|  |TAMS 0x0000000702600000| PB 0x0000000702400000| Untracked |  0
|  11|0x0000000702600000, 0x0000000702800000, 0x0000000702800000|100%| O|  |TAMS 0x0000000702800000| PB 0x0000000702600000| Untracked |  0
|  12|0x0000000702800000, 0x0000000702a00000, 0x0000000702a00000|100%| O|  |TAMS 0x0000000702a00000| PB 0x0000000702800000| Untracked |  0
|  13|0x0000000702a00000, 0x0000000702c00000, 0x0000000702c00000|100%| O|  |TAMS 0x0000000702c00000| PB 0x0000000702a00000| Untracked |  0
|  14|0x0000000702c00000, 0x0000000702e00000, 0x0000000702e00000|100%| O|  |TAMS 0x0000000702e00000| PB 0x0000000702c00000| Untracked |  0
|  15|0x0000000702e00000, 0x0000000703000000, 0x0000000703000000|100%| O|  |TAMS 0x0000000703000000| PB 0x0000000702e00000| Untracked |  0
|  16|0x0000000703000000, 0x0000000703200000, 0x0000000703200000|100%| O|  |TAMS 0x0000000703200000| PB 0x0000000703000000| Untracked |  0
|  17|0x0000000703200000, 0x0000000703400000, 0x0000000703400000|100%| O|  |TAMS 0x0000000703400000| PB 0x0000000703200000| Untracked |  0
|  18|0x0000000703400000, 0x0000000703600000, 0x0000000703600000|100%| O|  |TAMS 0x0000000703600000| PB 0x0000000703400000| Untracked |  0
|  19|0x0000000703600000, 0x0000000703800000, 0x0000000703800000|100%| O|  |TAMS 0x0000000703600000| PB 0x0000000703600000| Untracked |  0
|  20|0x0000000703800000, 0x0000000703a00000, 0x0000000703a00000|100%| O|  |TAMS 0x0000000703a00000| PB 0x0000000703800000| Untracked |  0
|  21|0x0000000703a00000, 0x0000000703c00000, 0x0000000703c00000|100%| O|  |TAMS 0x0000000703c00000| PB 0x0000000703a00000| Untracked |  0
|  22|0x0000000703c00000, 0x0000000703e00000, 0x0000000703e00000|100%| O|  |TAMS 0x0000000703e00000| PB 0x0000000703c00000| Untracked |  0
|  23|0x0000000703e00000, 0x0000000704000000, 0x0000000704000000|100%| O|  |TAMS 0x0000000704000000| PB 0x0000000703e00000| Untracked |  0
|  24|0x0000000704000000, 0x0000000704200000, 0x0000000704200000|100%| O|  |TAMS 0x0000000704200000| PB 0x0000000704000000| Untracked |  0
|  25|0x0000000704200000, 0x0000000704400000, 0x0000000704400000|100%| O|  |TAMS 0x0000000704400000| PB 0x0000000704200000| Untracked |  0
|  26|0x0000000704400000, 0x0000000704600000, 0x0000000704600000|100%| O|  |TAMS 0x0000000704600000| PB 0x0000000704400000| Untracked |  0
|  27|0x0000000704600000, 0x0000000704800000, 0x0000000704800000|100%| O|  |TAMS 0x0000000704800000| PB 0x0000000704600000| Untracked |  0
|  28|0x0000000704800000, 0x0000000704a00000, 0x0000000704a00000|100%| O|  |TAMS 0x0000000704a00000| PB 0x0000000704800000| Untracked |  0
|  29|0x0000000704a00000, 0x0000000704c00000, 0x0000000704c00000|100%| O|  |TAMS 0x0000000704c00000| PB 0x0000000704a00000| Untracked |  0
|  30|0x0000000704c00000, 0x0000000704d1d6d8, 0x0000000704e00000| 55%| O|  |TAMS 0x0000000704c00000| PB 0x0000000704c00000| Untracked |  0
|  31|0x0000000704e00000, 0x0000000704e00000, 0x0000000705000000|  0%| F|  |TAMS 0x0000000704e00000| PB 0x0000000704e00000| Untracked |  0
|  32|0x0000000705000000, 0x0000000705200000, 0x0000000705200000|100%| O|  |TAMS 0x0000000705035118| PB 0x0000000705000000| Untracked |  0
|  33|0x0000000705200000, 0x0000000705200000, 0x0000000705400000|  0%| F|  |TAMS 0x0000000705200000| PB 0x0000000705200000| Untracked |  0
|  85|0x000000070ba00000, 0x000000070ba00000, 0x000000070bc00000|  0%| F|  |TAMS 0x000000070ba00000| PB 0x000000070ba00000| Untracked |  0
|  86|0x000000070bc00000, 0x000000070be00000, 0x000000070be00000|100%| S|CS|TAMS 0x000000070bc00000| PB 0x000000070bc00000| Complete |  0
|  87|0x000000070be00000, 0x000000070c000000, 0x000000070c000000|100%| S|CS|TAMS 0x000000070be00000| PB 0x000000070be00000| Complete |  0
|  88|0x000000070c000000, 0x000000070c000000, 0x000000070c200000|  0%| F|  |TAMS 0x000000070c000000| PB 0x000000070c000000| Untracked |  0
|  89|0x000000070c200000, 0x000000070c200000, 0x000000070c400000|  0%| F|  |TAMS 0x000000070c200000| PB 0x000000070c200000| Untracked |  0
|  90|0x000000070c400000, 0x000000070c400000, 0x000000070c600000|  0%| F|  |TAMS 0x000000070c400000| PB 0x000000070c400000| Untracked |  0
|  91|0x000000070c600000, 0x000000070c600000, 0x000000070c800000|  0%| F|  |TAMS 0x000000070c600000| PB 0x000000070c600000| Untracked |  0
| 127|0x0000000710e00000, 0x0000000710e00000, 0x0000000711000000|  0%| F|  |TAMS 0x0000000710e00000| PB 0x0000000710e00000| Untracked |  0
|2034|0x00000007ff400000, 0x00000007ff600000, 0x00000007ff600000|100%| O|  |TAMS 0x00000007ff600000| PB 0x00000007ff400000| Untracked |  0
|2035|0x00000007ff600000, 0x00000007ff800000, 0x00000007ff800000|100%| O|  |TAMS 0x00000007ff800000| PB 0x00000007ff600000| Untracked |  0
|2036|0x00000007ff800000, 0x00000007ffa00000, 0x00000007ffa00000|100%| O|  |TAMS 0x00000007ffa00000| PB 0x00000007ff800000| Untracked |  0
|2037|0x00000007ffa00000, 0x00000007ffa00000, 0x00000007ffc00000|  0%| F|  |TAMS 0x00000007ffa00000| PB 0x00000007ffa00000| Untracked |  0
|2038|0x00000007ffc00000, 0x00000007ffe00000, 0x00000007ffe00000|100%| O|  |TAMS 0x00000007ffe00000| PB 0x00000007ffc00000| Untracked |  0
|2039|0x00000007ffe00000, 0x00000007ffe00000, 0x0000000800000000|  0%| F|  |TAMS 0x00000007ffe00000| PB 0x00000007ffe00000| Untracked |  0

Card table byte_map: [0x0000025bf2020000,0x0000025bf2820000] _byte_map_base: 0x0000025bee818000

Marking Bits: (CMBitMap*) 0x0000025be5ee9390
 Bits: [0x0000025bf2820000, 0x0000025bf67e0000)

Polling page: 0x0000025be3ba0000

Metaspace:

Usage:
  Non-class:     65.76 MB used.
      Class:      9.22 MB used.
       Both:     74.98 MB used.

Virtual space:
  Non-class space:      128.00 MB reserved,      66.06 MB ( 52%) committed,  2 nodes.
      Class space:        1.00 GB reserved,       9.44 MB ( <1%) committed,  1 nodes.
             Both:        1.12 GB reserved,      75.50 MB (  7%) committed. 

Chunk freelists:
   Non-Class:  13.95 MB
       Class:  6.39 MB
        Both:  20.34 MB

MaxMetaspaceSize: unlimited
CompressedClassSpaceSize: 1.00 GB
Initial GC threshold: 21.00 MB
Current GC threshold: 125.88 MB
CDS: on
 - commit_granule_bytes: 65536.
 - commit_granule_words: 8192.
 - virtual_space_node_default_size: 8388608.
 - enlarge_chunks_in_place: 1.
UseCompressedClassPointers 1, UseCompactObjectHeaders 0
Narrow klass pointer bits 32, Max shift 3
Narrow klass base: 0x0000025b80000000, Narrow klass shift: 0
Encoding Range: [0x0000025b80000000 - 0x0000025c80000000), (4294967296 bytes)
Klass Range:    [0x0000025b80000000 - 0x0000025bc1000000), (1090519040 bytes)
Klass ID Range:  [8 - 1090519033) (1090519025)


Internal statistics:

num_allocs_failed_limit: 12.
num_arena_births: 666.
num_arena_deaths: 0.
num_vsnodes_births: 3.
num_vsnodes_deaths: 0.
num_space_committed: 1207.
num_space_uncommitted: 0.
num_chunks_returned_to_freelist: 12.
num_chunks_taken_from_freelist: 3290.
num_chunk_merges: 12.
num_chunk_splits: 2483.
num_chunks_enlarged: 2054.
num_inconsistent_stats: 0.

CodeCache: size=49152Kb used=11527Kb max_used=12376Kb free=37624Kb
 bounds [0x0000025bee710000, 0x0000025bef380000, 0x0000025bf1710000]
 total_blobs=8507, nmethods=7764, adapters=667, full_count=0
Compilation: enabled, stopped_count=0, restarted_count=0

Compilation events (20 events):
Event: 26.080 Thread 0x0000025bc5032380 nmethod 8635 0x0000025beeb7eb88 code [0x0000025beeb7ec80, 0x0000025beeb7ed48]
Event: 26.080 Thread 0x0000025bc57d9320 nmethod 8636 0x0000025beeb7f788 code [0x0000025beeb7f8a0, 0x0000025beeb7f9f8]
Event: 26.083 Thread 0x0000025bc57d9320 8637       1       sun.reflect.generics.parser.SignatureParser::parseMethodTypeSignature (41 bytes)
Event: 26.083 Thread 0x0000025bc5032380 8639       1       sun.reflect.generics.parser.SignatureParser::parseZeroOrMoreTypeSignatures (174 bytes)
Event: 26.083 Thread 0x0000025bc57d9320 nmethod 8637 0x0000025bee988508 code [0x0000025bee988680, 0x0000025bee988b28]
Event: 26.083 Thread 0x0000025bc57d9320 8644       1       org.springframework.data.core.TypeDiscoverer::getReturnType (12 bytes)
Event: 26.083 Thread 0x0000025bc5032380 nmethod 8639 0x0000025beecc8288 code [0x0000025beecc8400, 0x0000025beecc8950]
Event: 26.083 Thread 0x0000025bc5032380 8638       1       sun.reflect.generics.parser.SignatureParser::parseFormalParameters (49 bytes)
Event: 26.083 Thread 0x0000025bc5032380 nmethod 8638 0x0000025beecf9308 code [0x0000025beecf9460, 0x0000025beecf9640]
Event: 26.084 Thread 0x0000025bc5032380 8640       1       sun.reflect.generics.parser.SignatureParser::parseReturnType (22 bytes)
Event: 26.084 Thread 0x0000025bc57d9320 nmethod 8644 0x0000025beed9b908 code [0x0000025beed9ba60, 0x0000025beed9bd10]
Event: 26.084 Thread 0x0000025bc57d9320 8641       1       sun.reflect.generics.parser.SignatureParser::parseZeroOrMoreThrowsSignatures (51 bytes)
Event: 26.084 Thread 0x0000025bc5032380 nmethod 8640 0x0000025beeb81008 code [0x0000025beeb81140, 0x0000025beeb812a0]
Event: 26.084 Thread 0x0000025bc5032380 8642       1       sun.reflect.generics.tree.MethodTypeSignature::make (12 bytes)
Event: 26.084 Thread 0x0000025bc5032380 nmethod 8642 0x0000025beed13c08 code [0x0000025beed13d20, 0x0000025beed13fb8]
Event: 26.084 Thread 0x0000025bc5032380 8643       1       sun.reflect.generics.tree.MethodTypeSignature::<init> (26 bytes)
Event: 26.084 Thread 0x0000025bc57d9320 nmethod 8641 0x0000025beeb11788 code [0x0000025beeb11900, 0x0000025beeb11d78]
Event: 26.084 Thread 0x0000025bc5032380 nmethod 8643 0x0000025beed48088 code [0x0000025beed481a0, 0x0000025beed483f0]
Event: 26.440 Thread 0x0000025bc5032380 8645       1       java.util.ArrayList::equals (62 bytes)
Event: 26.441 Thread 0x0000025bc5032380 nmethod 8645 0x0000025beecc1f08 code [0x0000025beecc2060, 0x0000025beecc23c8]

GC Heap History (20 events):
Event: 15.661 GC heap after
{Heap after GC invocations=11 (full 0):
 garbage-first heap   total reserved 4177920K, committed 94208K, used 39694K [0x0000000701000000, 0x0000000800000000)
  region size 2048K, 2 young (4096K), 2 survivors (4096K)
 Metaspace       used 60327K, committed 60800K, reserved 1114112K
  class space    used 6816K, committed 7040K, reserved 1048576K
}
Event: 16.746 GC heap before
{Heap before GC invocations=12 (full 0):
 garbage-first heap   total reserved 4177920K, committed 94208K, used 80654K [0x0000000701000000, 0x0000000800000000)
  region size 2048K, 22 young (45056K), 2 survivors (4096K)
 Metaspace       used 64624K, committed 65152K, reserved 1114112K
  class space    used 7460K, committed 7680K, reserved 1048576K
}
Event: 16.752 GC heap after
{Heap after GC invocations=13 (full 0):
 garbage-first heap   total reserved 4177920K, committed 94208K, used 40792K [0x0000000701000000, 0x0000000800000000)
  region size 2048K, 3 young (6144K), 3 survivors (6144K)
 Metaspace       used 64624K, committed 65152K, reserved 1114112K
  class space    used 7460K, committed 7680K, reserved 1048576K
}
Event: 23.857 GC heap before
{Heap before GC invocations=13 (full 0):
 garbage-first heap   total reserved 4177920K, committed 94208K, used 79704K [0x0000000701000000, 0x0000000800000000)
  region size 2048K, 22 young (45056K), 3 survivors (6144K)
 Metaspace       used 70006K, committed 70592K, reserved 1114112K
  class space    used 8008K, committed 8256K, reserved 1048576K
}
Event: 23.866 GC heap after
{Heap after GC invocations=14 (full 0):
 garbage-first heap   total reserved 4177920K, committed 94208K, used 43896K [0x0000000701000000, 0x0000000800000000)
  region size 2048K, 3 young (6144K), 3 survivors (6144K)
 Metaspace       used 70006K, committed 70592K, reserved 1114112K
  class space    used 8008K, committed 8256K, reserved 1048576K
}
Event: 24.812 GC heap before
{Heap before GC invocations=14 (full 0):
 garbage-first heap   total reserved 4177920K, committed 94208K, used 80760K [0x0000000701000000, 0x0000000800000000)
  region size 2048K, 21 young (43008K), 3 survivors (6144K)
 Metaspace       used 72185K, committed 72768K, reserved 1114112K
  class space    used 8473K, committed 8704K, reserved 1048576K
}
Event: 24.819 GC heap after
{Heap after GC invocations=15 (full 0):
 garbage-first heap   total reserved 4177920K, committed 94208K, used 46154K [0x0000000701000000, 0x0000000800000000)
  region size 2048K, 3 young (6144K), 3 survivors (6144K)
 Metaspace       used 72185K, committed 72768K, reserved 1114112K
  class space    used 8473K, committed 8704K, reserved 1048576K
}
Event: 25.573 GC heap before
{Heap before GC invocations=15 (full 0):
 garbage-first heap   total reserved 4177920K, committed 94208K, used 78922K [0x0000000701000000, 0x0000000800000000)
  region size 2048K, 20 young (40960K), 3 survivors (6144K)
 Metaspace       used 76506K, committed 77056K, reserved 1179648K
  class space    used 9291K, committed 9536K, reserved 1048576K
}
Event: 25.581 GC heap after
{Heap after GC invocations=16 (full 0):
 garbage-first heap   total reserved 4177920K, committed 94208K, used 49392K [0x0000000701000000, 0x0000000800000000)
  region size 2048K, 3 young (6144K), 3 survivors (6144K)
 Metaspace       used 76506K, committed 77056K, reserved 1179648K
  class space    used 9291K, committed 9536K, reserved 1048576K
}
Event: 25.759 GC heap before
{Heap before GC invocations=17 (full 0):
 garbage-first heap   total reserved 4177920K, committed 94208K, used 80112K [0x0000000701000000, 0x0000000800000000)
  region size 2048K, 18 young (36864K), 3 survivors (6144K)
 Metaspace       used 76506K, committed 77056K, reserved 1179648K
  class space    used 9291K, committed 9536K, reserved 1048576K
}
Event: 25.763 GC heap after
{Heap after GC invocations=18 (full 0):
 garbage-first heap   total reserved 4177920K, committed 94208K, used 50689K [0x0000000701000000, 0x0000000800000000)
  region size 2048K, 2 young (4096K), 2 survivors (4096K)
 Metaspace       used 76506K, committed 77056K, reserved 1179648K
  class space    used 9291K, committed 9536K, reserved 1048576K
}
Event: 25.928 GC heap before
{Heap before GC invocations=18 (full 0):
 garbage-first heap   total reserved 4177920K, committed 94208K, used 81409K [0x0000000701000000, 0x0000000800000000)
  region size 2048K, 17 young (34816K), 2 survivors (4096K)
 Metaspace       used 76536K, committed 77120K, reserved 1179648K
  class space    used 9303K, committed 9536K, reserved 1048576K
}
Event: 25.932 GC heap after
{Heap after GC invocations=19 (full 0):
 garbage-first heap   total reserved 4177920K, committed 94208K, used 48657K [0x0000000701000000, 0x0000000800000000)
  region size 2048K, 1 young (2048K), 1 survivors (2048K)
 Metaspace       used 76536K, committed 77120K, reserved 1179648K
  class space    used 9303K, committed 9536K, reserved 1048576K
}
Event: 26.163 GC heap before
{Heap before GC invocations=19 (full 0):
 garbage-first heap   total reserved 4177920K, committed 94208K, used 83473K [0x0000000701000000, 0x0000000800000000)
  region size 2048K, 18 young (36864K), 1 survivors (2048K)
 Metaspace       used 76782K, committed 77312K, reserved 1179648K
  class space    used 9444K, committed 9664K, reserved 1048576K
}
Event: 26.170 GC heap after
{Heap after GC invocations=20 (full 0):
 garbage-first heap   total reserved 4177920K, committed 94208K, used 56722K [0x0000000701000000, 0x0000000800000000)
  region size 2048K, 3 young (6144K), 3 survivors (6144K)
 Metaspace       used 76782K, committed 77312K, reserved 1179648K
  class space    used 9444K, committed 9664K, reserved 1048576K
}
Event: 26.284 GC heap before
{Heap before GC invocations=21 (full 0):
 garbage-first heap   total reserved 4177920K, committed 96256K, used 79250K [0x0000000701000000, 0x0000000800000000)
  region size 2048K, 15 young (30720K), 3 survivors (6144K)
 Metaspace       used 76782K, committed 77312K, reserved 1179648K
  class space    used 9444K, committed 9664K, reserved 1048576K
}
Event: 26.294 GC heap after
{Heap after GC invocations=22 (full 0):
 garbage-first heap   total reserved 4177920K, committed 98304K, used 65877K [0x0000000701000000, 0x0000000800000000)
  region size 2048K, 2 young (4096K), 2 survivors (4096K)
 Metaspace       used 76782K, committed 77312K, reserved 1179648K
  class space    used 9444K, committed 9664K, reserved 1048576K
}
Event: 26.388 GC heap before
{Heap before GC invocations=22 (full 0):
 garbage-first heap   total reserved 4177920K, committed 98304K, used 84309K [0x0000000701000000, 0x0000000800000000)
  region size 2048K, 11 young (22528K), 2 survivors (4096K)
 Metaspace       used 76782K, committed 77312K, reserved 1179648K
  class space    used 9444K, committed 9664K, reserved 1048576K
}
Event: 26.397 GC heap after
{Heap after GC invocations=23 (full 0):
 garbage-first heap   total reserved 4177920K, committed 98304K, used 71727K [0x0000000701000000, 0x0000000800000000)
  region size 2048K, 2 young (4096K), 2 survivors (4096K)
 Metaspace       used 76782K, committed 77312K, reserved 1179648K
  class space    used 9444K, committed 9664K, reserved 1048576K
}
Event: 26.452 GC heap before
{Heap before GC invocations=23 (full 0):
 garbage-first heap   total reserved 4177920K, committed 98304K, used 86063K [0x0000000701000000, 0x0000000800000000)
  region size 2048K, 9 young (18432K), 2 survivors (4096K)
 Metaspace       used 76782K, committed 77312K, reserved 1179648K
  class space    used 9444K, committed 9664K, reserved 1048576K
}

Dll operation events (9 events):
Event: 0.009 Loaded shared library C:\Program Files\Java\jdk-24\bin\java.dll
Event: 0.130 Loaded shared library C:\Program Files\Java\jdk-24\bin\net.dll
Event: 0.133 Loaded shared library C:\Program Files\Java\jdk-24\bin\nio.dll
Event: 0.138 Loaded shared library C:\Program Files\Java\jdk-24\bin\zip.dll
Event: 0.291 Loaded shared library C:\Program Files\Java\jdk-24\bin\jimage.dll
Event: 0.609 Loaded shared library C:\Program Files\Java\jdk-24\bin\management.dll
Event: 0.613 Loaded shared library C:\Program Files\Java\jdk-24\bin\management_ext.dll
Event: 1.650 Loaded shared library C:\Program Files\Java\jdk-24\bin\sunmscapi.dll
Event: 5.956 Loaded shared library C:\Program Files\Java\jdk-24\bin\extnet.dll

Deoptimization events (6 events):
Event: 1.643 Thread 0x0000025bc5e3bf70 DEOPT PACKING pc=0x0000025beeb581bc sp=0x000000a64cefce00
Event: 1.643 Thread 0x0000025bc5e3bf70 DEOPT UNPACKING pc=0x0000025bee765722 sp=0x000000a64cefc2f8 mode 0
Event: 4.588 Thread 0x0000025bc6c1bb20 DEOPT PACKING pc=0x0000025beeb5dd41 sp=0x000000a64d4ff2f0
Event: 4.588 Thread 0x0000025bc6c1bb20 DEOPT UNPACKING pc=0x0000025bee765722 sp=0x000000a64d4fe748 mode 3
Event: 4.588 Thread 0x0000025bc5e3bf70 DEOPT PACKING pc=0x0000025beeb5e426 sp=0x000000a64cefe7f0
Event: 4.588 Thread 0x0000025bc5e3bf70 DEOPT UNPACKING pc=0x0000025bee765722 sp=0x000000a64cefdc80 mode 3

Classes loaded (20 events):
Event: 22.701 Loading class java/lang/Package$1PackageInfoProxy
Event: 22.701 Loading class java/lang/Package$1PackageInfoProxy done
Event: 23.272 Loading class java/lang/invoke/WrongMethodTypeException
Event: 23.272 Loading class java/lang/invoke/WrongMethodTypeException done
Event: 23.363 Loading class java/lang/invoke/SerializedLambda
Event: 23.363 Loading class java/lang/invoke/SerializedLambda done
Event: 23.486 Loading class sun/reflect/ReflectionFactory
Event: 23.486 Loading class sun/reflect/ReflectionFactory done
Event: 23.486 Loading class java/io/OptionalDataException
Event: 23.487 Loading class java/io/OptionalDataException done
Event: 23.507 Loading class java/util/WeakHashMap$KeyIterator
Event: 23.508 Loading class java/util/WeakHashMap$KeyIterator done
Event: 23.842 Loading class java/util/regex/Pattern$Bound
Event: 23.842 Loading class java/util/regex/Pattern$Bound done
Event: 23.845 Loading class java/util/regex/Pattern$Behind
Event: 23.846 Loading class java/util/regex/Pattern$Behind done
Event: 23.878 Loading class java/util/EmptyStackException
Event: 23.878 Loading class java/util/EmptyStackException done
Event: 24.417 Loading class java/io/InvalidClassException
Event: 24.417 Loading class java/io/InvalidClassException done

Classes unloaded (0 events):
No events

Classes redefined (0 events):
No events

Internal exceptions (20 events):
Event: 14.680 Thread 0x0000025bc5e3bf70 Exception <a 'java/lang/NoSuchMethodError'{0x0000000704c57340}: 'void java.lang.invoke.DirectMethodHandle$Holder.invokeSpecial(java.lang.Object, java.lang.Object, int, java.lang.Object)'> (0x0000000704c57340) 
thrown [s\open\src\hotspot\share\interpreter\linkResolver.cpp, line 805]
Event: 14.681 Thread 0x0000025bc5e3bf70 Exception <a 'java/lang/NoSuchMethodError'{0x0000000704c66ff8}: 'java.lang.Object java.lang.invoke.DirectMethodHandle$Holder.newInvokeSpecial(java.lang.Object, java.lang.Object, int)'> (0x0000000704c66ff8) 
thrown [s\open\src\hotspot\share\interpreter\linkResolver.cpp, line 805]
Event: 15.130 Thread 0x0000025bc5e3bf70 Exception <a 'java/lang/IncompatibleClassChangeError'{0x00000007041f8510}: Found class java.lang.Object, but interface was expected> (0x00000007041f8510) 
thrown [s\open\src\hotspot\share\interpreter\linkResolver.cpp, line 872]
Event: 15.147 Thread 0x0000025bc5e3bf70 Exception <a 'java/lang/NoSuchMethodError'{0x0000000703edd9e0}: 'java.lang.Object java.lang.invoke.DirectMethodHandle$Holder.invokeStatic(java.lang.Object, java.lang.Object, int, java.lang.Object)'> (0x0000000703edd9e0) 
thrown [s\open\src\hotspot\share\interpreter\linkResolver.cpp, line 805]
Event: 15.147 Thread 0x0000025bc5e3bf70 Exception <a 'java/lang/NoSuchMethodError'{0x0000000703ee5ba0}: 'java.lang.Object java.lang.invoke.DirectMethodHandle$Holder.invokeStaticInit(java.lang.Object, java.lang.Object, int, java.lang.Object)'> (0x0000000703ee5ba0) 
thrown [s\open\src\hotspot\share\interpreter\linkResolver.cpp, line 805]
Event: 16.348 Thread 0x0000025bc5e3bf70 Exception <a 'java/lang/NoSuchMethodError'{0x00000007043fd888}: 'void java.lang.invoke.DirectMethodHandle$Holder.invokeStaticInit(java.lang.Object, int, java.lang.Object, java.lang.Object, java.lang.Object, java.lang.Object)'> (0x00000007043fd888) 
thrown [s\open\src\hotspot\share\interpreter\linkResolver.cpp, line 805]
Event: 16.389 Thread 0x0000025bc5e3bf70 Exception <a 'java/lang/NoSuchMethodError'{0x0000000704104458}: 'int java.lang.invoke.DirectMethodHandle$Holder.invokeStatic(java.lang.Object, java.lang.Object, java.lang.Object, java.lang.Object, java.lang.Object, java.lang.Object)'> (0x0000000704104458) 
thrown [s\open\src\hotspot\share\interpreter\linkResolver.cpp, line 805]
Event: 16.393 Thread 0x0000025bc5e3bf70 Exception <a 'java/lang/NoSuchMethodError'{0x000000070411d538}: 'int java.lang.invoke.DirectMethodHandle$Holder.invokeStatic(java.lang.Object, java.lang.Object, java.lang.Object, java.lang.Object, java.lang.Object)'> (0x000000070411d538) 
thrown [s\open\src\hotspot\share\interpreter\linkResolver.cpp, line 805]
Event: 16.427 Thread 0x0000025bc5e3bf70 Exception <a 'java/lang/NoSuchMethodError'{0x0000000703e3b238}: 'void java.lang.invoke.DirectMethodHandle$Holder.invokeInterface(java.lang.Object, java.lang.Object, int, java.lang.Object)'> (0x0000000703e3b238) 
thrown [s\open\src\hotspot\share\interpreter\linkResolver.cpp, line 805]
Event: 16.441 Thread 0x0000025bc5e3bf70 Exception <a 'java/lang/NoSuchMethodError'{0x0000000703e7c6b8}: 'java.lang.Object java.lang.invoke.DirectMethodHandle$Holder.newInvokeSpecial(java.lang.Object, java.lang.Object, int, java.lang.Object)'> (0x0000000703e7c6b8) 
thrown [s\open\src\hotspot\share\interpreter\linkResolver.cpp, line 805]
Event: 16.473 Thread 0x0000025bc5e3bf70 Exception <a 'java/lang/NoSuchMethodError'{0x0000000703f26e18}: 'void java.lang.invoke.DirectMethodHandle$Holder.invokeSpecial(java.lang.Object, java.lang.Object, java.lang.Object, java.lang.Object, java.lang.Object, java.lang.Object, java.lang.Object, java.lang.Object)'> (0x0000000703f26e18) 
thrown [s\open\src\hotspot\share\interpreter\linkResolver.cpp, line 805]
Event: 16.537 Thread 0x0000025bc5e3bf70 Exception <a 'java/lang/NoSuchMethodError'{0x0000000703d36a80}: 'java.lang.Object java.lang.invoke.Invokers$Holder.linkToTargetMethod(java.lang.Object, java.lang.Object, java.lang.Object, java.lang.Object, java.lang.Object, java.lang.Object, java.lang.Object, java.lang.Object, java.lang.Object, java.lang.Object, java.lang.Object, java.lang.Object)'> (0x0000000703d36a80) 
thrown [s\open\src\hotspot\share\interpreter\linkResolver.cpp, line 805]
Event: 16.603 Thread 0x0000025bc5e3bf70 Exception <a 'java/lang/IncompatibleClassChangeError'{0x0000000703b0e9a8}: Found class java.lang.Object, but interface was expected> (0x0000000703b0e9a8) 
thrown [s\open\src\hotspot\share\interpreter\linkResolver.cpp, line 872]
Event: 16.625 Thread 0x0000025bc5e3bf70 Exception <a 'java/lang/NoSuchMethodError'{0x0000000703b97c28}: 'java.lang.Object java.lang.invoke.DirectMethodHandle$Holder.newInvokeSpecial(java.lang.Object, java.lang.Object, int, java.lang.Object, int, java.lang.Object, java.lang.Object)'> (0x0000000703b97c28) 
thrown [s\open\src\hotspot\share\interpreter\linkResolver.cpp, line 805]
Event: 21.733 Thread 0x0000025bc5e3bf70 Exception <a 'java/lang/NoSuchMethodError'{0x000000070c0a7b28}: 'void java.lang.invoke.Invokers$Holder.invokeExact_MT(java.lang.Object, java.lang.Object, java.lang.Object, java.lang.Object)'> (0x000000070c0a7b28) 
thrown [s\open\src\hotspot\share\interpreter\linkResolver.cpp, line 805]
Event: 21.920 Thread 0x0000025bc5e3bf70 Exception <a 'java/lang/IncompatibleClassChangeError'{0x000000070bfcab90}: Found class java.lang.Object, but interface was expected> (0x000000070bfcab90) 
thrown [s\open\src\hotspot\share\interpreter\linkResolver.cpp, line 872]
Event: 21.982 Thread 0x0000025bc5e3bf70 Exception <a 'java/lang/IncompatibleClassChangeError'{0x000000070bd91ee0}: Found class java.lang.Object, but interface was expected> (0x000000070bd91ee0) 
thrown [s\open\src\hotspot\share\interpreter\linkResolver.cpp, line 872]
Event: 23.291 Thread 0x0000025bc5e3bf70 Exception <a 'java/lang/IncompatibleClassChangeError'{0x000000070495dad8}: Found class java.lang.Object, but interface was expected> (0x000000070495dad8) 
thrown [s\open\src\hotspot\share\interpreter\linkResolver.cpp, line 872]
Event: 23.388 Thread 0x0000025bc5e3bf70 Exception <a 'java/lang/NoSuchMethodError'{0x0000000704797578}: 'int java.lang.invoke.DirectMethodHandle$Holder.invokeStaticInit(java.lang.Object, int, java.lang.Object, java.lang.Object, java.lang.Object, java.lang.Object)'> (0x0000000704797578) 
thrown [s\open\src\hotspot\share\interpreter\linkResolver.cpp, line 805]
Event: 23.847 Thread 0x0000025bc5e3bf70 Exception <a 'java/lang/IncompatibleClassChangeError'{0x0000000703f98b70}: Found class java.lang.Object, but interface was expected> (0x0000000703f98b70) 
thrown [s\open\src\hotspot\share\interpreter\linkResolver.cpp, line 872]

VM Operations (20 events):
Event: 25.581 Executing VM operation: G1CollectForAllocation (G1 Evacuation Pause) done
Event: 25.618 Executing VM operation: G1PauseRemark
Event: 25.624 Executing VM operation: G1PauseRemark done
Event: 25.638 Executing VM operation: G1PauseCleanup
Event: 25.638 Executing VM operation: G1PauseCleanup done
Event: 25.758 Executing VM operation: G1CollectForAllocation (G1 Evacuation Pause)
Event: 25.763 Executing VM operation: G1CollectForAllocation (G1 Evacuation Pause) done
Event: 25.928 Executing VM operation: G1CollectForAllocation (G1 Evacuation Pause)
Event: 25.932 Executing VM operation: G1CollectForAllocation (G1 Evacuation Pause) done
Event: 26.163 Executing VM operation: G1CollectForAllocation (G1 Evacuation Pause)
Event: 26.170 Executing VM operation: G1CollectForAllocation (G1 Evacuation Pause) done
Event: 26.215 Executing VM operation: G1PauseRemark
Event: 26.220 Executing VM operation: G1PauseRemark done
Event: 26.236 Executing VM operation: G1PauseCleanup
Event: 26.236 Executing VM operation: G1PauseCleanup done
Event: 26.284 Executing VM operation: G1CollectForAllocation (G1 Evacuation Pause)
Event: 26.294 Executing VM operation: G1CollectForAllocation (G1 Evacuation Pause) done
Event: 26.388 Executing VM operation: G1CollectForAllocation (G1 Evacuation Pause)
Event: 26.397 Executing VM operation: G1CollectForAllocation (G1 Evacuation Pause) done
Event: 26.452 Executing VM operation: G1CollectForAllocation (G1 Evacuation Pause)

Memory protections (0 events):
No events

Nmethod flushes (20 events):
Event: 25.622 Thread 0x0000025bf8fbd0d0 flushing  nmethod 0x0000025beef66088
Event: 26.219 Thread 0x0000025bf8fbd0d0 flushing  nmethod 0x0000025bee8abb88
Event: 26.219 Thread 0x0000025bf8fbd0d0 flushing  nmethod 0x0000025bef156a88
Event: 26.219 Thread 0x0000025bf8fbd0d0 flushing  nmethod 0x0000025bef1f3308
Event: 26.219 Thread 0x0000025bf8fbd0d0 flushing  nmethod 0x0000025bef217108
Event: 26.219 Thread 0x0000025bf8fbd0d0 flushing  nmethod 0x0000025bef218188
Event: 26.219 Thread 0x0000025bf8fbd0d0 flushing  nmethod 0x0000025bef218888
Event: 26.219 Thread 0x0000025bf8fbd0d0 flushing  nmethod 0x0000025bef21a708
Event: 26.219 Thread 0x0000025bf8fbd0d0 flushing  nmethod 0x0000025bef325708
Event: 26.219 Thread 0x0000025bf8fbd0d0 flushing  nmethod 0x0000025bef339708
Event: 26.219 Thread 0x0000025bf8fbd0d0 flushing  nmethod 0x0000025bef345488
Event: 26.219 Thread 0x0000025bf8fbd0d0 flushing  nmethod 0x0000025bee8a1908
Event: 26.219 Thread 0x0000025bf8fbd0d0 flushing  nmethod 0x0000025bef21d308
Event: 26.219 Thread 0x0000025bf8fbd0d0 flushing  nmethod 0x0000025bef32d188
Event: 26.219 Thread 0x0000025bf8fbd0d0 flushing  nmethod 0x0000025beef57708
Event: 26.219 Thread 0x0000025bf8fbd0d0 flushing  nmethod 0x0000025bef216888
Event: 26.219 Thread 0x0000025bf8fbd0d0 flushing  nmethod 0x0000025bef320c88
Event: 26.219 Thread 0x0000025bf8fbd0d0 flushing  nmethod 0x0000025bef331608
Event: 26.219 Thread 0x0000025bf8fbd0d0 flushing  nmethod 0x0000025bef36e008
Event: 26.219 Thread 0x0000025bf8fbd0d0 flushing  nmethod 0x0000025bef36e388

Events (20 events):
Event: 2.039 Thread 0x0000025bc601d3c0 Thread exited: 0x0000025bc601d3c0
Event: 2.167 Thread 0x0000025bc5e3bf70 Thread added: 0x0000025bc6475f00
Event: 2.245 Thread 0x0000025bc6475f00 Thread exited: 0x0000025bc6475f00
Event: 4.585 Thread 0x0000025bc5e3bf70 Thread added: 0x0000025bc6c1bb20
Event: 4.587 Thread 0x0000025bc6c1bb20 Thread added: 0x0000025bc6c1c260
Event: 4.592 Thread 0x0000025bc5e3bf70 Thread added: 0x0000025bc6c78580
Event: 4.644 Thread 0x0000025bc5e3bf70 Thread added: 0x0000025bc6c3f7b0
Event: 7.205 Thread 0x0000025bc5e3bf70 Thread added: 0x0000025bc6c3f060
Event: 7.947 Thread 0x0000025bc6c3f060 Thread added: 0x0000025bc6c3ff00
Event: 12.036 Thread 0x0000025bc5dcef90 Thread exited: 0x0000025bc5dcef90
Event: 12.037 Thread 0x0000025bc5d10730 Thread exited: 0x0000025bc5d10730
Event: 13.423 Thread 0x0000025bc50e2820 Thread exited: 0x0000025bc50e2820
Event: 14.283 Thread 0x0000025bc5032380 Thread added: 0x0000025bc57d9320
Event: 14.283 Thread 0x0000025bc5032380 Thread added: 0x0000025bc57a8c40
Event: 16.300 Thread 0x0000025bc6c3ff00 Thread exited: 0x0000025bc6c3ff00
Event: 18.197 Thread 0x0000025bc57a8c40 Thread exited: 0x0000025bc57a8c40
Event: 19.597 Thread 0x0000025bc57d9320 Thread added: 0x0000025bc78da650
Event: 19.598 Thread 0x0000025bc57d9320 Thread added: 0x0000025bc65c4430
Event: 21.669 Thread 0x0000025bc65c4430 Thread exited: 0x0000025bc65c4430
Event: 23.284 Thread 0x0000025bc78da650 Thread exited: 0x0000025bc78da650


Dynamic libraries:
0x00007ff6ec570000 - 0x00007ff6ec580000 	C:\Program Files\Java\jdk-24\bin\java.exe
0x00007ffd52490000 - 0x00007ffd52688000 	C:\WINDOWS\SYSTEM32\ntdll.dll
0x00007ffd515b0000 - 0x00007ffd51672000 	C:\WINDOWS\System32\KERNEL32.DLL
0x00007ffd4fcd0000 - 0x00007ffd4ffc6000 	C:\WINDOWS\System32\KERNELBASE.dll
0x00007ffd500b0000 - 0x00007ffd501b0000 	C:\WINDOWS\System32\ucrtbase.dll
0x00007ffd35ec0000 - 0x00007ffd35ed6000 	C:\Program Files\Java\jdk-24\bin\jli.dll
0x00007ffd35e70000 - 0x00007ffd35e8b000 	C:\Program Files\Java\jdk-24\bin\VCRUNTIME140.dll
0x00007ffd51c30000 - 0x00007ffd51dd1000 	C:\WINDOWS\System32\USER32.dll
0x00007ffd3d200000 - 0x00007ffd3d49b000 	C:\WINDOWS\WinSxS\amd64_microsoft.windows.common-controls_6595b64144ccf1df_6.0.19041.6456_none_60b8a6cb71f64256\COMCTL32.dll
0x00007ffd4fb20000 - 0x00007ffd4fb42000 	C:\WINDOWS\System32\win32u.dll
0x00007ffd51580000 - 0x00007ffd515ab000 	C:\WINDOWS\System32\GDI32.dll
0x00007ffd51de0000 - 0x00007ffd51e7e000 	C:\WINDOWS\System32\msvcrt.dll
0x00007ffd50230000 - 0x00007ffd50349000 	C:\WINDOWS\System32\gdi32full.dll
0x00007ffd4fc30000 - 0x00007ffd4fccd000 	C:\WINDOWS\System32\msvcp_win.dll
0x00007ffd514e0000 - 0x00007ffd5150f000 	C:\WINDOWS\System32\IMM32.DLL
0x00007ffd35eb0000 - 0x00007ffd35ebc000 	C:\Program Files\Java\jdk-24\bin\vcruntime140_1.dll
0x00007ffd2e870000 - 0x00007ffd2e8fe000 	C:\Program Files\Java\jdk-24\bin\msvcp140.dll
0x00007ffd15f10000 - 0x00007ffd16cb2000 	C:\Program Files\Java\jdk-24\bin\server\jvm.dll
0x00007ffd51060000 - 0x00007ffd51111000 	C:\WINDOWS\System32\ADVAPI32.dll
0x00007ffd51e80000 - 0x00007ffd51f1f000 	C:\WINDOWS\System32\sechost.dll
0x00007ffd519e0000 - 0x00007ffd51b00000 	C:\WINDOWS\System32\RPCRT4.dll
0x00007ffd4ffd0000 - 0x00007ffd4fff7000 	C:\WINDOWS\System32\bcrypt.dll
0x00007ffd51510000 - 0x00007ffd5157b000 	C:\WINDOWS\System32\WS2_32.dll
0x00007ffd459c0000 - 0x00007ffd459ca000 	C:\WINDOWS\SYSTEM32\VERSION.dll
0x00007ffd4f070000 - 0x00007ffd4f0bb000 	C:\WINDOWS\SYSTEM32\POWRPROF.dll
0x00007ffd436e0000 - 0x00007ffd43707000 	C:\WINDOWS\SYSTEM32\WINMM.dll
0x00007ffd4eee0000 - 0x00007ffd4eef2000 	C:\WINDOWS\SYSTEM32\UMPDC.dll
0x00007ffd4d970000 - 0x00007ffd4d982000 	C:\WINDOWS\SYSTEM32\kernel.appcore.dll
0x00007ffd35e60000 - 0x00007ffd35e6a000 	C:\Program Files\Java\jdk-24\bin\jimage.dll
0x00007ffd473f0000 - 0x00007ffd475f1000 	C:\WINDOWS\SYSTEM32\DBGHELP.DLL
0x00007ffd3b6b0000 - 0x00007ffd3b6e4000 	C:\WINDOWS\SYSTEM32\dbgcore.DLL
0x00007ffd4fba0000 - 0x00007ffd4fc22000 	C:\WINDOWS\System32\bcryptPrimitives.dll
0x00007ffd32bc0000 - 0x00007ffd32bde000 	C:\Program Files\Java\jdk-24\bin\java.dll
0x00007ffd512d0000 - 0x00007ffd513fb000 	C:\WINDOWS\System32\ole32.dll
0x00007ffd504b0000 - 0x00007ffd50804000 	C:\WINDOWS\System32\combase.dll
0x00007ffd508f0000 - 0x00007ffd51060000 	C:\WINDOWS\System32\SHELL32.dll
0x00007ffd4db70000 - 0x00007ffd4e315000 	C:\WINDOWS\SYSTEM32\windows.storage.dll
0x00007ffd4f470000 - 0x00007ffd4f49b000 	C:\WINDOWS\SYSTEM32\Wldp.dll
0x00007ffd50820000 - 0x00007ffd508ed000 	C:\WINDOWS\System32\OLEAUT32.dll
0x00007ffd51b80000 - 0x00007ffd51c2d000 	C:\WINDOWS\System32\SHCORE.dll
0x00007ffd51980000 - 0x00007ffd519db000 	C:\WINDOWS\System32\shlwapi.dll
0x00007ffd4fa50000 - 0x00007ffd4fa74000 	C:\WINDOWS\SYSTEM32\profapi.dll
0x00007ffd2fe30000 - 0x00007ffd2fe40000 	C:\Program Files\Java\jdk-24\bin\net.dll
0x00007ffd4f250000 - 0x00007ffd4f2ba000 	C:\WINDOWS\system32\mswsock.dll
0x00007ffd2ec90000 - 0x00007ffd2eca6000 	C:\Program Files\Java\jdk-24\bin\nio.dll
0x00007ffd2ec50000 - 0x00007ffd2ec67000 	C:\Program Files\Java\jdk-24\bin\zip.dll
0x00007ffd2ec10000 - 0x00007ffd2ec1a000 	C:\Program Files\Java\jdk-24\bin\management.dll
0x00007ffd2ead0000 - 0x00007ffd2eadb000 	C:\Program Files\Java\jdk-24\bin\management_ext.dll
0x00007ffd51850000 - 0x00007ffd51858000 	C:\WINDOWS\System32\PSAPI.DLL
0x00007ffd2ea90000 - 0x00007ffd2ea9e000 	C:\Program Files\Java\jdk-24\bin\sunmscapi.dll
0x00007ffd50350000 - 0x00007ffd504ad000 	C:\WINDOWS\System32\CRYPT32.dll
0x00007ffd4f5c0000 - 0x00007ffd4f5e7000 	C:\WINDOWS\SYSTEM32\ncrypt.dll
0x00007ffd4f580000 - 0x00007ffd4f5bb000 	C:\WINDOWS\SYSTEM32\NTASN1.dll
0x00007ffd4f4b0000 - 0x00007ffd4f4c8000 	C:\WINDOWS\SYSTEM32\CRYPTSP.dll
0x00007ffd4eb20000 - 0x00007ffd4eb58000 	C:\WINDOWS\system32\rsaenh.dll
0x00007ffd4fa10000 - 0x00007ffd4fa3e000 	C:\WINDOWS\SYSTEM32\USERENV.dll
0x00007ffd4f3e0000 - 0x00007ffd4f3ec000 	C:\WINDOWS\SYSTEM32\CRYPTBASE.dll
0x00007ffd4ef00000 - 0x00007ffd4ef3b000 	C:\WINDOWS\SYSTEM32\IPHLPAPI.DLL
0x00007ffd50810000 - 0x00007ffd50818000 	C:\WINDOWS\System32\NSI.dll
0x00007ffd2e860000 - 0x00007ffd2e869000 	C:\Program Files\Java\jdk-24\bin\extnet.dll

JVMTI agents: none

dbghelp: loaded successfully - version: 4.0.5 - missing functions: none
symbol engine: initialized successfully - sym options: 0x614 - pdb path: .;C:\Program Files\Java\jdk-24\bin;C:\WINDOWS\SYSTEM32;C:\WINDOWS\WinSxS\amd64_microsoft.windows.common-controls_6595b64144ccf1df_6.0.19041.6456_none_60b8a6cb71f64256;C:\Program Files\Java\jdk-24\bin\server

VM Arguments:
jvm_args: -XX:TieredStopAtLevel=1 
java_command: com.compapption.api.ApiApplication
java_class_path (initial): C:\Users\mario\Desktop\api\target\classes;C:\Users\mario\.m2\repository\org\springframework\boot\spring-boot-jackson\4.0.2\spring-boot-jackson-4.0.2.jar;C:\Users\mario\.m2\repository\tools\jackson\core\jackson-databind\3.0.4\jackson-databind-3.0.4.jar;C:\Users\mario\.m2\repository\com\fasterxml\jackson\core\jackson-annotations\2.20\jackson-annotations-2.20.jar;C:\Users\mario\.m2\repository\tools\jackson\core\jackson-core\3.0.4\jackson-core-3.0.4.jar;C:\Users\mario\.m2\repository\org\springframework\boot\spring-boot-web-server\4.0.2\spring-boot-web-server-4.0.2.jar;C:\Users\mario\.m2\repository\org\apache\tomcat\embed\tomcat-embed-core\11.0.15\tomcat-embed-core-11.0.15.jar;C:\Users\mario\.m2\repository\org\apache\tomcat\embed\tomcat-embed-websocket\11.0.15\tomcat-embed-websocket-11.0.15.jar;C:\Users\mario\.m2\repository\org\springframework\boot\spring-boot-tomcat\4.0.2\spring-boot-tomcat-4.0.2.jar;C:\Users\mario\.m2\repository\org\springframework\boot\spring-boot-http-converter\4.0.2\spring-boot-http-converter-4.0.2.jar;C:\Users\mario\.m2\repository\org\springframework\spring-web\7.0.3\spring-web-7.0.3.jar;C:\Users\mario\.m2\repository\org\springframework\boot\spring-boot-webmvc\4.0.2\spring-boot-webmvc-4.0.2.jar;C:\Users\mario\.m2\repository\org\springframework\boot\spring-boot-servlet\4.0.2\spring-boot-servlet-4.0.2.jar;C:\Users\mario\.m2\repository\org\springframework\spring-webmvc\7.0.3\spring-webmvc-7.0.3.jar;C:\Users\mario\.m2\repository\ch\qos\logback\logback-classic\1.5.25\logback-classic-1.5.25.jar;C:\Users\mario\.m2\repository\ch\qos\logback\logback-core\1.5.25\logback-core-1.5.25.jar;C:\Users\mario\.m2\repository\org\apache\logging\log4j\log4j-to-slf4j\2.25.3\log4j-to-slf4j-2.25.3.jar;C:\Users\mario\.m2\repository\org\apache\logging\log4j\log4j-api\2.25.3\log4j-api-2.25.3.jar;C:\Users\mario\.m2\repository\org\slf4j\jul-to-slf4j\2.0.17\jul-to-slf4j-2.0.17.jar;C:\Users\mario\.m2\repository\jakarta\annotation\jakarta.annotation-api\3.0.0\jakarta.annotation-api-3.0.0.jar;C:\Users\mario\.m2\repository\org\yaml\snakeyaml\2.5\snakeyaml-2.5.jar;C:\Users\mario\.m2\repository\com\zaxxer\HikariCP\7.0.2\HikariCP-7.0.2.jar;C:\Users\mario\.m2\repository\org\springframework\boot\spring-boot-data-jpa\4.0.2\spring-boot-data-jpa-4.0.2.jar;C:\Users\mario\.m2\repository\org\springframework\boot\spring-boot-data-commons\4.0.2\spring-boot-data-commons-4.0.2.jar;C:\Users\mario\.m2\repository\org\springframework\boot\spring-boot-persistence\4.0.2\spring-boot-persistence-4.0.2.jar;C:\Users\mario\.m2\repository\org\springframework\data\spring-data-commons\4.0.2\spring-data-commons-4.0.2.jar;C:\Users\mario\.m2\repository\org\springframework\boot\spring-boot-hibernate\4.0.2\spring-boot-hibernate-4.0.2.jar;C:\Users\mario\.m2\repository\org\springframework\boot\spring-boot-jpa\4.0.2\spring-boot-jpa-4.0.2.jar;C:\Users\mario\.m2\repository\jakarta\persistence\jakarta.persistence-api\3.2.0\jakarta.persistence-api-3.2.0.jar;C:\Users\mario\.m2\repository\org\hibernate\orm\hibernate-core\7.2.1.Final\hibernate-core-7.2.1.Final.jar;C:\Users\mario\.m2\repository\jakarta\transaction\jakarta.transaction-api\2.0.1\jakarta.transaction-api-2.0.1.jar;C:\Users\mario\.m2\repository\org\hibernate\models\hibernate-models\1.0.1\hibernate-models-1.0.1.jar;C:\Users\mario\.m2\repository\org\glassfish\jaxb\jaxb-runtime\4.0.6\jaxb-runtime-4.0.6.jar;C:\Users\mario\.m2\repository\org\glassfish\jaxb\jaxb-core\4.0.6\jaxb-core-4.0.6.jar;C:\Users\mario\.m2\repository\org\glassfish\jaxb\txw2\4.0.6\txw2-4.0.6.jar;C:\Users\mario\.m2\repository\com\sun\istack\istack-commons-runtime\4.1.2\istack-commons-runtime-4.1.2.jar;C:\Users\mario\.m2\repository\jakarta\inject\jakarta.inject-api\2.0.1\jakarta.inject-api-2.0.1.jar;C:\Users\mario\.m2\repository\org\springframework\spring-orm\7.0.3\spring-orm-7.0.3.jar;C:\Users\mario\.m2\repository\org\springframework\data\spring-data-jpa\4.0.2\spring-data-jpa-4.0.2.jar;C:\Users\mario\.m2\repository\org\springframework\spring-tx\7.0.3\spring-tx-7.0.3.jar;C:\Users\mario\.m2\repository\org\antlr\antlr4-runtime\4.13.2\antlr4-runtime-4.13.2.jar;C:\Users\mario\.m2\repository\org\springframework\spring-aspects\7.0.3\spring-aspects-7.0.3.jar;C:\Users\mario\.m2\repository\org\aspectj\aspectjweaver\1.9.25.1\aspectjweaver-1.9.25.1.jar;C:\Users\mario\.m2\repository\org\springframework\boot\spring-boot-jdbc\4.0.2\spring-boot-jdbc-4.0.2.jar;C:\Users\mario\.m2\repository\org\springframework\boot\spring-boot-sql\4.0.2\spring-boot-sql-4.0.2.jar;C:\Users\mario\.m2\repository\org\springframework\boot\spring-boot-transaction\4.0.2\spring-boot-transaction-4.0.2.jar;C:\Users\mario\.m2\repository\org\springframework\spring-jdbc\7.0.3\spring-jdbc-7.0.3.jar;C:\Users\mario\.m2\repository\org\springframework\boot\spring-boot-security\4.0.2\spring-boot-security-4.0.2.jar;C:\Users\mario\.m2\repository\org\springframework\security\spring-security-config\7.0.2\spring-security-config-7.0.2.jar;C:\Users\mario\.m2\repository\org\springframework\spring-aop\7.0.3\spring-aop-7.0.3.jar;C:\Users\mario\.m2\repository\org\springframework\spring-beans\7.0.3\spring-beans-7.0.3.jar;C:\Users\mario\.m2\repository\org\springframework\boot\spring-boot-validation\4.0.2\spring-boot-validation-4.0.2.jar;C:\Users\mario\.m2\repository\org\apache\tomcat\embed\tomcat-embed-el\11.0.15\tomcat-embed-el-11.0.15.jar;C:\Users\mario\.m2\repository\org\hibernate\validator\hibernate-validator\9.0.1.Final\hibernate-validator-9.0.1.Final.jar;C:\Users\mario\.m2\repository\jakarta\validation\jakarta.validation-api\3.1.1\jakarta.validation-api-3.1.1.jar;C:\Users\mario\.m2\repository\org\jboss\logging\jboss-logging\3.6.1.Final\jboss-logging-3.6.1.Final.jar;C:\Users\mario\.m2\repository\com\fasterxml\classmate\1.7.3\classmate-1.7.3.jar;C:\Users\mario\.m2\repository\org\springframework\boot\spring-boot-mail\4.0.2\spring-boot-mail-4.0.2.jar;C:\Users\mario\.m2\repository\org\springframework\spring-context-support\7.0.3\spring-context-support-7.0.3.jar;C:\Users\mario\.m2\repository\jakarta\mail\jakarta.mail-api\2.1.5\jakarta.mail-api-2.1.5.jar;C:\Users\mario\.m2\repository\org\eclipse\angus\angus-mail\2.0.5\angus-mail-2.0.5.jar;C:\Users\mario\.m2\repository\org\eclipse\angus\angus-activation\2.0.3\angus-activation-2.0.3.jar;C:\Users\mario\.m2\repository\com\mysql\mysql-connector-j\9.5.0\mysql-connector-j-9.5.0.jar;C:\Users\mario\.m2\repository\org\springframework\security\spring-security-jwt\1.1.1.RELEASE\spring-security-jwt-1.1.1.RELEASE.jar;C:\Users\mario\.m2\repository\org\bouncycastle\bcpkix-jdk15on\1.64\bcpkix-jdk15on-1.64.jar;C:\Users\mario\.m2\repository\org\bouncycastle\bcprov-jdk15on\1.64\bcprov-jdk15on-1.64.jar;C:\Users\mario\.m2\repository\org\mapstruct\mapstruct\1.6.3\mapstruct-1.6.3.jar;C:\Users\mario\.m2\repository\org\slf4j\slf4j-api\2.0.17\slf4j-api-2.0.17.jar;C:\Users\mario\.m2\repository\jakarta\xml\bind\jakarta.xml.bind-api\4.0.4\jakarta.xml.bind-api-4.0.4.jar;C:\Users\mario\.m2\repository\jakarta\activation\jakarta.activation-api\2.1.4\jakarta.activation-api-2.1.4.jar;C:\Users\mario\.m2\repository\net\bytebuddy\byte-buddy\1.17.8\byte-buddy-1.17.8.jar;C:\Users\mario\.m2\repository\org\springframework\spring-core\7.0.3\spring-core-7.0.3.jar;C:\Users\mario\.m2\repository\commons-logging\commons-logging\1.3.5\commons-logging-1.3.5.jar;C:\Users\mario\.m2\repository\org\jspecify\jspecify\1.0.0\jspecify-1.0.0.jar;C:\Users\mario\.m2\repository\org\springframework\security\spring-security-core\7.0.2\spring-security-core-7.0.2.jar;C:\Users\mario\.m2\repository\org\springframework\security\spring-security-crypto\7.0.2\spring-security-crypto-7.0.2.jar;C:\Users\mario\.m2\repository\org\springframework\spring-context\7.0.3\spring-context-7.0.3.jar;C:\Users\mario\.m2\repository\org\springframework\spring-expression\7.0.3\spring-expression-7.0.3.jar;C:\Users\mario\.m2\repository\io\micrometer\micrometer-observation\1.16.2\micrometer-observation-1.16.2.jar;C:\Users\mario\.m2\repository\io\micrometer\micrometer-commons\1.16.2\micrometer-commons-1.16.2.jar;C:\Users\mario\.m2\repository\org\springframework\security\spring-security-web\7.0.2\spring-security-web-7.0.2.jar;C:\Users\mario\.m2\repository\com\h2database\h2\2.4.240\h2-2.4.240.jar;C:\Users\mario\.m2\repository\org\springframework\boot\spring-boot-devtools\4.0.2\spring-boot-devtools-4.0.2.jar;C:\Users\mario\.m2\repository\org\springframework\boot\spring-boot\4.0.2\spring-boot-4.0.2.jar;C:\Users\mario\.m2\repository\org\springframework\boot\spring-boot-autoconfigure\4.0.2\spring-boot-autoconfigure-4.0.2.jar
Launcher Type: SUN_STANDARD

[Global flags]
     intx CICompilerCount                          = 4                                         {product} {ergonomic}
     uint ConcGCThreads                            = 2                                         {product} {ergonomic}
     uint G1ConcRefinementThreads                  = 8                                         {product} {ergonomic}
   size_t G1HeapRegionSize                         = 2097152                                   {product} {ergonomic}
   size_t InitialHeapSize                          = 268435456                                 {product} {ergonomic}
   size_t MarkStackSize                            = 4194304                                   {product} {ergonomic}
   size_t MarkStackSizeMax                         = 536870912                                 {product} {ergonomic}
   size_t MaxHeapSize                              = 4278190080                                {product} {ergonomic}
   size_t MaxNewSize                               = 2566914048                                {product} {ergonomic}
   size_t MinHeapDeltaBytes                        = 2097152                                   {product} {ergonomic}
   size_t MinHeapSize                              = 8388608                                   {product} {ergonomic}
    uintx NonNMethodCodeHeapSize                   = 4096                                   {pd product} {ergonomic}
    uintx NonProfiledCodeHeapSize                  = 0                                      {pd product} {ergonomic}
     bool ProfileInterpreter                       = false                                  {pd product} {command line}
    uintx ProfiledCodeHeapSize                     = 0                                      {pd product} {ergonomic}
   size_t SoftMaxHeapSize                          = 4278190080                             {manageable} {ergonomic}
     intx TieredStopAtLevel                        = 1                                         {product} {command line}
     bool UseCompressedOops                        = true                           {product lp64_product} {ergonomic}
     bool UseG1GC                                  = true                                      {product} {ergonomic}
     bool UseLargePagesIndividualAllocation        = false                                  {pd product} {ergonomic}

Logging:
Log output configuration:
 #0: stdout all=warning uptime,level,tags foldmultilines=false
 #1: stderr all=off uptime,level,tags foldmultilines=false

Environment Variables:
JAVA_HOME=C:/Program Files/Java/jdk-24
PATH=C:\Users\mario\bin;C:\Program Files\Git\mingw64\bin;C:\Program Files\Git\usr\local\bin;C:\Program Files\Git\usr\bin;C:\Program Files\Git\usr\bin;C:\Program Files\Git\mingw64\bin;C:\Program Files\Git\usr\bin;C:\Users\mario\bin;C:\Program Files (x86)\Common Files\Oracle\Java\java8path;C:\Program Files (x86)\Common Files\Oracle\Java\javapath;C:\Program Files\Java\jdk-24\bin;C:\Program Files (x86)\Common Files\Intel\Shared Libraries\redist\intel64\compiler;C:\Program Files (x86)\NVIDIA Corporation\PhysX\Common;C:\WINDOWS\system32;C:\WINDOWS;C:\WINDOWS\System32\Wbem;C:\WINDOWS\System32\WindowsPowerShell\v1.0;C:\WINDOWS\System32\OpenSSH;C:\Program Files\dotnet;C:\Program Files\AutoFirma\AutoFirma;C:\Program Files\Docker\Docker\resources\bin;C:\Program Files\Git\cmd;C:\Program Files\doxygen\bin;C:\Program Files (x86)\BaseX\bin;C:\Program Files\Amazon\AWSCLIV2;C:\maven\bin;C:\Program Files\Microsoft SQL Server\150\Tools\Binn;C:\Program Files\Microsoft SQL Server\Client SDK\ODBC\170\Tools\Binn;C:\Program Files\Microsoft SQL Server\170\DTS\Binn;C:\Program Files\nodejs;C:\Program Files\Java\jdk-24\bin;C:\Users\mario\AppData\Local\Programs\Python\Python312\Scripts;C:\Users\mario\AppData\Local\Programs\Python\Python312;C:\Users\mario\AppData\Local\Microsoft\WindowsApps;C:\Users\mario\AppData\Local\Programs\Microsoft VS Code\bin;C:\Program Files\JetBrains\PyCharm Community Edition 2023.1.1\bin;C:\Users\mario\AppData\Local\GitHubDesktop\bin;C:\Users\mario\AppData\Local\Programs\cursor\resources\app\bin;C:\Users\mario\AppData\Local\Programs\Hyper\resources\bin;C:\Users\mario\.dotnet\tools;C:\Users\mario\AppData\Roaming\npm;C:\Exercism;C:\Users\mario\.local\bin;C:\Program Files\Git\usr\bin\vendor_perl;C:\Program Files\Git\usr\bin\core_perl
USERNAME=mario
SHELL=C:\Program Files\Git\usr\bin\bash.exe
DISPLAY=needs-to-be-defined
LANG=es_ES.UTF-8
TERM=xterm-256color
TMPDIR=C:\Users\mario\AppData\Local\Temp
OS=Windows_NT
PROCESSOR_IDENTIFIER=AMD64 Family 23 Model 113 Stepping 0, AuthenticAMD
TMP=C:\Users\mario\AppData\Local\Temp
TEMP=C:\Users\mario\AppData\Local\Temp




Periodic native trim disabled

---------------  S Y S T E M  ---------------

OS:
 Windows 10 , 64 bit Build 19041 (10.0.19041.5915)
OS uptime: 12 days 21:25 hours
Hyper-V role detected

CPU: total 8 (initial active 8) (8 cores per cpu, 2 threads per core) family 23 model 113 stepping 0 microcode 0x0, cx8, cmov, fxsr, ht, mmx, 3dnowpref, sse, sse2, sse3, ssse3, sse4a, sse4.1, sse4.2, popcnt, lzcnt, tsc, tscinvbit, avx, avx2, aes, clmul, bmi1, bmi2, adx, sha, fma, vzeroupper, clflush, clflushopt, hv, rdtscp, rdpid, f16c
Processor Information for the first 8 processors :
  Max Mhz: 3593, Current Mhz: 3593, Mhz Limit: 3593

Memory: 4k page, system-wide physical 16312M (450M free)
TotalPageFile size 65464M (AvailPageFile size 84M)
current process WorkingSet (physical memory assigned to process): 256M, peak: 256M
current process commit charge ("private bytes"): 297M, peak: 385M

vm_info: Java HotSpot(TM) 64-Bit Server VM (24.0.1+9-30) for windows-amd64 JRE (24.0.1+9-30), built on 2025-03-05T07:23:45Z with MS VC++ 17.6 (VS2022)

END.
